0 info it worked if it ends with ok
1 verbose cli [
1 verbose cli   '/usr/bin/node',
1 verbose cli   '/usr/lib/node_modules/npm/bin/npm-cli.js',
1 verbose cli   'install',
1 verbose cli   'vuecli@latest',
1 verbose cli   '--global',
1 verbose cli   '--prefix',
1 verbose cli   '/home/nsm/.npm/_npx/52151',
1 verbose cli   '--loglevel',
1 verbose cli   'error',
1 verbose cli   '--json'
1 verbose cli ]
2 info using npm@6.14.7
3 info using node@v14.8.0
4 verbose npm-session d115dcbfce0efb20
5 silly install loadCurrentTree
6 silly install readGlobalPackageData
7 http fetch GET 404 https://registry.npmjs.org/vuecli 1217ms
8 http fetch GET 404 https://registry.npmjs.org/vuecli 1076ms
9 silly fetchPackageMetaData error for vuecli@latest 404 Not Found - GET https://registry.npmjs.org/vuecli - Not found
10 timing stage:rollbackFailedOptional Completed in 0ms
11 timing stage:runTopLevelLifecycles Completed in 2307ms
12 verbose stack Error: 404 Not Found - GET https://registry.npmjs.org/vuecli - Not found
12 verbose stack     at /usr/lib/node_modules/npm/node_modules/npm-registry-fetch/check-response.js:114:15
12 verbose stack     at processTicksAndRejections (internal/process/task_queues.js:93:5)
13 verbose statusCode 404
14 verbose pkgid vuecli@latest
15 verbose cwd /home/nsm/Desktop/NSM
16 verbose Linux 5.8.3-2-MANJARO
17 verbose argv "/usr/bin/node" "/usr/lib/node_modules/npm/bin/npm-cli.js" "install" "vuecli@latest" "--global" "--prefix" "/home/nsm/.npm/_npx/52151" "--loglevel" "error" "--json"
18 verbose node v14.8.0
19 verbose npm  v6.14.7
20 error code E404
21 error 404 Not Found - GET https://registry.npmjs.org/vuecli - Not found
22 error 404
23 error 404 'vuecli@latest' is not in the npm registry.
24 error 404 You should bug the author to publish it (or use the name yourself!)
25 error 404 Note that you can also install from a
26 error 404 tarball, folder, http url, or git url.
27 verbose exit [ 1, true ]
