0 info it worked if it ends with ok
1 verbose cli [ '/usr/bin/node', '/usr/bin/npm', 'run', 'dev' ]
2 info using npm@6.14.8
3 info using node@v15.0.1
4 verbose run-script [ 'predev', 'dev', 'postdev' ]
5 info lifecycle nsm-frontend@1.0.0~predev: nsm-frontend@1.0.0
6 info lifecycle nsm-frontend@1.0.0~dev: nsm-frontend@1.0.0
7 verbose lifecycle nsm-frontend@1.0.0~dev: unsafe-perm in lifecycle true
8 verbose lifecycle nsm-frontend@1.0.0~dev: PATH: /usr/lib/node_modules/npm/node_modules/npm-lifecycle/node-gyp-bin:/home/nsm/Desktop/NSM/nsm-frontend/node_modules/.bin:/home/nsm/.local/bin:/opt/google-cloud-sdk/bin:/usr/local/sbin:/usr/local/bin:/usr/bin:/usr/lib/jvm/default/bin:/usr/bin/site_perl:/usr/bin/vendor_perl:/usr/bin/core_perl:/var/lib/snapd/snap/bin
9 verbose lifecycle nsm-frontend@1.0.0~dev: CWD: /home/nsm/Desktop/NSM/nsm-frontend
10 silly lifecycle nsm-frontend@1.0.0~dev: Args: [ '-c', 'nuxt' ]
11 silly lifecycle nsm-frontend@1.0.0~dev: Returned: code: 1  signal: null
12 info lifecycle nsm-frontend@1.0.0~dev: Failed to exec dev script
13 verbose stack Error: nsm-frontend@1.0.0 dev: `nuxt`
13 verbose stack Exit status 1
13 verbose stack     at EventEmitter.<anonymous> (/usr/lib/node_modules/npm/node_modules/npm-lifecycle/index.js:332:16)
13 verbose stack     at EventEmitter.emit (node:events:327:20)
13 verbose stack     at ChildProcess.<anonymous> (/usr/lib/node_modules/npm/node_modules/npm-lifecycle/lib/spawn.js:55:14)
13 verbose stack     at ChildProcess.emit (node:events:327:20)
13 verbose stack     at maybeClose (node:internal/child_process:1048:16)
13 verbose stack     at Process.ChildProcess._handle.onexit (node:internal/child_process:288:5)
14 verbose pkgid nsm-frontend@1.0.0
15 verbose cwd /home/nsm/Desktop/NSM/nsm-frontend
16 verbose Linux 5.8.18-1-MANJARO
17 verbose argv "/usr/bin/node" "/usr/bin/npm" "run" "dev"
18 verbose node v15.0.1
19 verbose npm  v6.14.8
20 error code ELIFECYCLE
21 error errno 1
22 error nsm-frontend@1.0.0 dev: `nuxt`
22 error Exit status 1
23 error Failed at the nsm-frontend@1.0.0 dev script.
23 error This is probably not a problem with npm. There is likely additional logging output above.
24 verbose exit [ 1, true ]
