[8707][1599379455498][requester][info]["EventBus~initialize - Success"]
[8707][1599379455499][requester][info]["Messaging~boot - Success"]
[8707][1599379455503][requester][info]["bootCrashReporter~ Success"]
[8707][1599379455503][requester][info]["Telemetry~boot - Success"]
[8707][1599379455504][requester][info]["bootConfigurations~initialize - Success"]
[8707][1599379455505][requester][info]["Settings~boot - Success"]
[8707][1599379455535][requester][info]["bootstrapModels - Success"]
[8707][1599379455535][requester][info]["WLModels~boot - Success"]
[8707][1599379455715][requester][info]["Session~boot - Success"]
[8707][1599379455721][requester][info]["IndependentServices~boot - Success"]
[8707][1599379455763][requester][info]["AppModels~boot - Success"]
[8707][1599379455772][requester][info]["DBWatcher~boot - Success"]
[8707][1599379455778][requester][info]["ThemeManager~boot - Success"]
[8707][1599379455779][requester][info]["Store~boot - Success"]
[8707][1599379455784][requester][info]["Shortcuts~boot - Success"]
[8707][1599379455785][requester][info]["SyncProxy~boot - Success"]
[8707][1599379455844][requester][info]["NewConsole~boot - Success"]
[8707][1599379455852][requester][info]["APIDevInterface~boot - Success"]
[8707][1599379455876][requester][info]["Requester~boot - Success"]
[8707][1599379455876][requester][info]["booted - requester"]
[8707][1599379455986][requester][warn]["CloudProxyHandler: Error while reading proxy configuration from user data - ",{"errno":-2,"code":"ENOENT","syscall":"open","path":"/home/nsm/.config/Postman/Postman_Config/proxy","name":"Error","message":"ENOENT: no such file or directory, open '/home/nsm/.config/Postman/Postman_Config/proxy'","stack":"Error: ENOENT: no such file or directory, open '/home/nsm/.config/Postman/Postman_Config/proxy'"}]
[8707][1599379457045][requester][info]["SessionValidation - Registering listener"]
[8707][1599379457051][requester][warn]["FeatureFlagsStore~updateFlags: Could not find feature flags",{"error":{"message":"SyncRequestService\\x7erequestListener: Could not fetch from sync. Socket not connected."}}]
