[8707][1599379450635][shared][info]["EventBus~initialize - Success"]
[8707][1599379450641][shared][info]["Messaging~boot - Success"]
[8707][1599379450910][shared][info]["bootCrashReporter~ Success"]
[8707][1599379450914][shared][info]["Telemetry~boot - Success"]
[8707][1599379450920][shared][info]["bootConfigurations~initialize - Success"]
[8707][1599379450943][shared][info]["Settings~boot - Success"]
[8707][1599379451044][shared][info]["Migrations: Starting migrations"]
[8707][1599379451045][shared][info]["Migrations: Walking migration","0000_initial"]
[8707][1599379451046][shared][info]["Migrations: Walking migration","0001_add_archived_resources_table"]
[8707][1599379451047][shared][info]["Migrations: Walking migration","0002_add_variable_sessions_table"]
[8707][1599379451048][shared][info]["Migrations: Walking migration","0003_add_editor_tables"]
[8707][1599379451048][shared][info]["Migrations: Walking migration","0004_migrate_ws_session_data"]
[8707][1599379451049][shared][info]["Migrations: Walking migration","0005_cleanup_request_response_and_history_body"]
[8707][1599379451049][shared][info]["Migrations: Walking migration","0006_add_dbp_to_request_response_and_history"]
[8707][1599379451050][shared][info]["Migrations: Walking migration","0007_add_sync_client_buckets_by_order_id_table"]
[8707][1599379451050][shared][info]["Migrations: Walking migration","0008_migrate_to_sync_client_buckets_by_order_id"]
[8707][1599379451051][shared][info]["Migrations: Walking migration","0009_remove_sync_client_buckets_table"]
[8707][1599379451051][shared][info]["Migrations: Walking migration","0010_add_history_owner"]
[8707][1599379451052][shared][info]["Migrations: Walking migration","0011_add_history_response_table"]
[8707][1599379451052][shared][info]["Migrations: Walking migration","0012_add_user_data_table"]
[8707][1599379451054][shared][info]["Migrations: Walking migration","0013_sanitize_request_response_and_history_methods"]
[8707][1599379451055][shared][info]["Migrations: Walking migration","0014_sanitize_response_requestobject_rawmodedata"]
[8707][1599379451055][shared][info]["Migrations: Walking migration","0015_add_favorited_collections_table"]
[8707][1599379451056][shared][info]["Migrations: Walking migration","0016_add_permission_table"]
[8707][1599379451056][shared][info]["Migrations: Walking migration","0017_add_user_preferences_table"]
[8707][1599379451057][shared][info]["Migrations: Walking migration","0018_index_header_presets"]
[8707][1599379451057][shared][info]["Migrations: Walking migration","0019_migrate_favorite_collections_data"]
[8707][1599379451058][shared][info]["Migrations: Walking migration","0020_migrate_sync_client_revision"]
[8707][1599379451058][shared][info]["Migrations: Walking migration","0021_clear_permissions"]
[8707][1599379451059][shared][info]["Migrations: Walking migration","0022_add_workspace_header_presets"]
[8707][1599379451059][shared][info]["Migrations: Walking migration","0023_remove_collection_permissions_and_shared"]
[8707][1599379451059][shared][info]["Migrations: Walking migration","0024_add_console_timelines_table"]
[8707][1599379451060][shared][info]["Migrations: Walking migration","0025_add_console_events_table"]
[8707][1599379451060][shared][info]["Migrations: Walking migration","0026_index_console_events"]
[8707][1599379451060][shared][info]["Migrations: Walking migration","0027_add_console_blob_table"]
[8707][1599379451060][shared][info]["Migrations: Walking migration","0028_add_runner_data_table"]
[8707][1599379451061][shared][info]["Migrations: Walking migration","0029_add_api_schema_table"]
[8707][1599379451061][shared][info]["Migrations: Walking migration","0030_migrate_collection_runs"]
[8707][1599379451061][shared][info]["Migrations: Walking migration","0031_add_api_relation_table"]
[8707][1599379451062][shared][info]["Migrations: Walking migration","0032_index_workspacesession_editor"]
[8707][1599379451062][shared][info]["Migrations: Walking migration","0033_add_editor_data_cache_table"]
[8707][1599379451062][shared][info]["Migrations: Walking migration","0034_migrate_editor_data"]
[8707][1599379451063][shared][info]["Migrations: Walking migration","0035_remove_editors_table"]
[8707][1599379451064][shared][info]["Migrations: Starting migration","0000_initial"]
[8707][1599379451065][shared][info]["Migrations: Setting context before starting migration","0000_initial",{"0000_initial":"started"}]
[8707][1599379451066][shared][info]["Migrations: Applying migration","0000_initial"]
[8707][1599379451066][shared][info]["Migrations: Upgrading IndexedDB to version","0000_initial",1]
[8707][1599379451070][shared][info]["Migrations: Adding pending commit to queue","0000_initial"]
[8707][1599379451070][shared][info]["Migrations: Starting migration","0001_add_archived_resources_table"]
[8707][1599379451071][shared][info]["Migrations: Setting context before starting migration","0001_add_archived_resources_table",{"0000_initial":"started","0001_add_archived_resources_table":"started"}]
[8707][1599379451071][shared][info]["Migrations: Applying migration","0001_add_archived_resources_table"]
[8707][1599379451072][shared][info]["Migrations: Upgrading IndexedDB to version","0001_add_archived_resources_table",2]
[8707][1599379451073][shared][info]["Migrations: Adding pending commit to queue","0001_add_archived_resources_table"]
[8707][1599379451074][shared][info]["Migrations: Starting migration","0002_add_variable_sessions_table"]
[8707][1599379451074][shared][info]["Migrations: Setting context before starting migration","0002_add_variable_sessions_table",{"0000_initial":"started","0001_add_archived_resources_table":"started","0002_add_variable_sessions_table":"started"}]
[8707][1599379451075][shared][info]["Migrations: Applying migration","0002_add_variable_sessions_table"]
[8707][1599379451075][shared][info]["Migrations: Upgrading IndexedDB to version","0002_add_variable_sessions_table",3]
[8707][1599379451076][shared][info]["Migrations: Adding pending commit to queue","0002_add_variable_sessions_table"]
[8707][1599379451077][shared][info]["Migrations: Starting migration","0003_add_editor_tables"]
[8707][1599379451077][shared][info]["Migrations: Setting context before starting migration","0003_add_editor_tables",{"0000_initial":"started","0001_add_archived_resources_table":"started","0002_add_variable_sessions_table":"started","0003_add_editor_tables":"started"}]
[8707][1599379451077][shared][info]["Migrations: Applying migration","0003_add_editor_tables"]
[8707][1599379451077][shared][info]["Migrations: Upgrading IndexedDB to version","0003_add_editor_tables",4]
[8707][1599379451079][shared][info]["Migrations: Adding pending commit to queue","0003_add_editor_tables"]
[8707][1599379451079][shared][info]["Migrations: Starting migration","0004_migrate_ws_session_data"]
[8707][1599379451079][shared][info]["Migrations: Flushing pending migrations for","0004_migrate_ws_session_data"]
[8707][1599379451080][shared][info]["Migrations: Flushing pending commit for type","IndexeddbSchemaMigration"]
[8707][1599379451080][shared][info]["Migrations: Committing IndexedDB upgrade"]
[8707][1599379451315][shared][info]["Migrations: Updating status in migration context",{"0000_initial":"started","0001_add_archived_resources_table":"started","0002_add_variable_sessions_table":"started","0003_add_editor_tables":"started"}]
[8707][1599379451315][shared][info]["Migrations: Updated status in migration context",{"0000_initial":"finished","0001_add_archived_resources_table":"finished","0002_add_variable_sessions_table":"finished","0003_add_editor_tables":"finished"}]
[8707][1599379451316][shared][info]["Migrations: Setting context before starting migration","0004_migrate_ws_session_data",{"0000_initial":"finished","0001_add_archived_resources_table":"finished","0002_add_variable_sessions_table":"finished","0003_add_editor_tables":"finished","0004_migrate_ws_session_data":"started"}]
[8707][1599379451316][shared][info]["Migrations: Applying migration","0004_migrate_ws_session_data"]
[8707][1599379451316][shared][info]["Migrations: Processing IndexedDB data migration","0004_migrate_ws_session_data"]
[8707][1599379451363][shared][info]["Migration~Tabs: Starting migration"]
[8707][1599379451439][shared][info]["Migration~Tabs: Completed transformation"]
[8707][1599379451440][shared][info]["Migration~Tabs: Creating editors"]
[8707][1599379451486][shared][info]["Migration~Tabs: Creating editor models"]
[8707][1599379451536][shared][info]["Migrations: Saving migration context after completion","0004_migrate_ws_session_data",{"0000_initial":"finished","0001_add_archived_resources_table":"finished","0002_add_variable_sessions_table":"finished","0003_add_editor_tables":"finished","0004_migrate_ws_session_data":"started"}]
[8707][1599379451537][shared][info]["Migrations: Starting migration","0005_cleanup_request_response_and_history_body"]
[8707][1599379451537][shared][info]["Migrations: Flushing pending migrations for","0005_cleanup_request_response_and_history_body"]
[8707][1599379451538][shared][info]["Migrations: Updating status in migration context",{"0000_initial":"finished","0001_add_archived_resources_table":"finished","0002_add_variable_sessions_table":"finished","0003_add_editor_tables":"finished","0004_migrate_ws_session_data":"finished"}]
[8707][1599379451538][shared][info]["Migrations: Updated status in migration context",{"0000_initial":"finished","0001_add_archived_resources_table":"finished","0002_add_variable_sessions_table":"finished","0003_add_editor_tables":"finished","0004_migrate_ws_session_data":"finished"}]
[8707][1599379451539][shared][info]["Migrations: Setting context before starting migration","0005_cleanup_request_response_and_history_body",{"0000_initial":"finished","0001_add_archived_resources_table":"finished","0002_add_variable_sessions_table":"finished","0003_add_editor_tables":"finished","0004_migrate_ws_session_data":"finished","0005_cleanup_request_response_and_history_body":"started"}]
[8707][1599379451539][shared][info]["Migrations: Applying migration","0005_cleanup_request_response_and_history_body"]
[8707][1599379451540][shared][info]["Migrations: Processing IndexedDB data migration","0005_cleanup_request_response_and_history_body"]
[8707][1599379451600][shared][info]["Migrations: Saving migration context after completion","0005_cleanup_request_response_and_history_body",{"0000_initial":"finished","0001_add_archived_resources_table":"finished","0002_add_variable_sessions_table":"finished","0003_add_editor_tables":"finished","0004_migrate_ws_session_data":"finished","0005_cleanup_request_response_and_history_body":"started"}]
[8707][1599379451601][shared][info]["Migrations: Starting migration","0006_add_dbp_to_request_response_and_history"]
[8707][1599379451601][shared][info]["Migrations: Flushing pending migrations for","0006_add_dbp_to_request_response_and_history"]
[8707][1599379451601][shared][info]["Migrations: Updating status in migration context",{"0000_initial":"finished","0001_add_archived_resources_table":"finished","0002_add_variable_sessions_table":"finished","0003_add_editor_tables":"finished","0004_migrate_ws_session_data":"finished","0005_cleanup_request_response_and_history_body":"finished"}]
[8707][1599379451602][shared][info]["Migrations: Updated status in migration context",{"0000_initial":"finished","0001_add_archived_resources_table":"finished","0002_add_variable_sessions_table":"finished","0003_add_editor_tables":"finished","0004_migrate_ws_session_data":"finished","0005_cleanup_request_response_and_history_body":"finished"}]
[8707][1599379451602][shared][info]["Migrations: Setting context before starting migration","0006_add_dbp_to_request_response_and_history",{"0000_initial":"finished","0001_add_archived_resources_table":"finished","0002_add_variable_sessions_table":"finished","0003_add_editor_tables":"finished","0004_migrate_ws_session_data":"finished","0005_cleanup_request_response_and_history_body":"finished","0006_add_dbp_to_request_response_and_history":"started"}]
[8707][1599379451603][shared][info]["Migrations: Applying migration","0006_add_dbp_to_request_response_and_history"]
[8707][1599379451603][shared][info]["Migrations: Processing IndexedDB data migration","0006_add_dbp_to_request_response_and_history"]
[8707][1599379451666][shared][info]["Migrations: Saving migration context after completion","0006_add_dbp_to_request_response_and_history",{"0000_initial":"finished","0001_add_archived_resources_table":"finished","0002_add_variable_sessions_table":"finished","0003_add_editor_tables":"finished","0004_migrate_ws_session_data":"finished","0005_cleanup_request_response_and_history_body":"finished","0006_add_dbp_to_request_response_and_history":"started"}]
[8707][1599379451667][shared][info]["Migrations: Starting migration","0007_add_sync_client_buckets_by_order_id_table"]
[8707][1599379451668][shared][info]["Migrations: Setting context before starting migration","0007_add_sync_client_buckets_by_order_id_table",{"0000_initial":"finished","0001_add_archived_resources_table":"finished","0002_add_variable_sessions_table":"finished","0003_add_editor_tables":"finished","0004_migrate_ws_session_data":"finished","0005_cleanup_request_response_and_history_body":"finished","0006_add_dbp_to_request_response_and_history":"finished","0007_add_sync_client_buckets_by_order_id_table":"started"}]
[8707][1599379451668][shared][info]["Migrations: Applying migration","0007_add_sync_client_buckets_by_order_id_table"]
[8707][1599379451669][shared][info]["Migrations: Upgrading IndexedDB to version","0007_add_sync_client_buckets_by_order_id_table",5]
[8707][1599379451672][shared][info]["Migrations: Adding pending commit to queue","0007_add_sync_client_buckets_by_order_id_table"]
[8707][1599379451672][shared][info]["Migrations: Starting migration","0008_migrate_to_sync_client_buckets_by_order_id"]
[8707][1599379451673][shared][info]["Migrations: Flushing pending migrations for","0008_migrate_to_sync_client_buckets_by_order_id"]
[8707][1599379451673][shared][info]["Migrations: Flushing pending commit for type","IndexeddbSchemaMigration"]
[8707][1599379451673][shared][info]["Migrations: Committing IndexedDB upgrade"]
[8707][1599379451729][shared][info]["Migrations: Updating status in migration context",{"0000_initial":"finished","0001_add_archived_resources_table":"finished","0002_add_variable_sessions_table":"finished","0003_add_editor_tables":"finished","0004_migrate_ws_session_data":"finished","0005_cleanup_request_response_and_history_body":"finished","0006_add_dbp_to_request_response_and_history":"finished","0007_add_sync_client_buckets_by_order_id_table":"started"}]
[8707][1599379451730][shared][info]["Migrations: Updated status in migration context",{"0000_initial":"finished","0001_add_archived_resources_table":"finished","0002_add_variable_sessions_table":"finished","0003_add_editor_tables":"finished","0004_migrate_ws_session_data":"finished","0005_cleanup_request_response_and_history_body":"finished","0006_add_dbp_to_request_response_and_history":"finished","0007_add_sync_client_buckets_by_order_id_table":"finished"}]
[8707][1599379451731][shared][info]["Migrations: Setting context before starting migration","0008_migrate_to_sync_client_buckets_by_order_id",{"0000_initial":"finished","0001_add_archived_resources_table":"finished","0002_add_variable_sessions_table":"finished","0003_add_editor_tables":"finished","0004_migrate_ws_session_data":"finished","0005_cleanup_request_response_and_history_body":"finished","0006_add_dbp_to_request_response_and_history":"finished","0007_add_sync_client_buckets_by_order_id_table":"finished","0008_migrate_to_sync_client_buckets_by_order_id":"started"}]
[8707][1599379451731][shared][info]["Migrations: Applying migration","0008_migrate_to_sync_client_buckets_by_order_id"]
[8707][1599379451732][shared][info]["Migrations: Processing IndexedDB data migration","0008_migrate_to_sync_client_buckets_by_order_id"]
[8707][1599379451838][shared][info]["Migrations: Saving migration context after completion","0008_migrate_to_sync_client_buckets_by_order_id",{"0000_initial":"finished","0001_add_archived_resources_table":"finished","0002_add_variable_sessions_table":"finished","0003_add_editor_tables":"finished","0004_migrate_ws_session_data":"finished","0005_cleanup_request_response_and_history_body":"finished","0006_add_dbp_to_request_response_and_history":"finished","0007_add_sync_client_buckets_by_order_id_table":"finished","0008_migrate_to_sync_client_buckets_by_order_id":"started"}]
[8707][1599379451839][shared][info]["Migrations: Starting migration","0009_remove_sync_client_buckets_table"]
[8707][1599379451840][shared][info]["Migrations: Setting context before starting migration","0009_remove_sync_client_buckets_table",{"0000_initial":"finished","0001_add_archived_resources_table":"finished","0002_add_variable_sessions_table":"finished","0003_add_editor_tables":"finished","0004_migrate_ws_session_data":"finished","0005_cleanup_request_response_and_history_body":"finished","0006_add_dbp_to_request_response_and_history":"finished","0007_add_sync_client_buckets_by_order_id_table":"finished","0008_migrate_to_sync_client_buckets_by_order_id":"finished","0009_remove_sync_client_buckets_table":"started"}]
[8707][1599379451841][shared][info]["Migrations: Applying migration","0009_remove_sync_client_buckets_table"]
[8707][1599379451841][shared][info]["Migrations: Upgrading IndexedDB to version","0009_remove_sync_client_buckets_table",6]
[8707][1599379451844][shared][info]["Migrations: Adding pending commit to queue","0009_remove_sync_client_buckets_table"]
[8707][1599379451845][shared][info]["Migrations: Starting migration","0010_add_history_owner"]
[8707][1599379451845][shared][info]["Migrations: Flushing pending migrations for","0010_add_history_owner"]
[8707][1599379451845][shared][info]["Migrations: Flushing pending commit for type","IndexeddbSchemaMigration"]
[8707][1599379451846][shared][info]["Migrations: Committing IndexedDB upgrade"]
[8707][1599379451902][shared][info]["Migrations: Updating status in migration context",{"0000_initial":"finished","0001_add_archived_resources_table":"finished","0002_add_variable_sessions_table":"finished","0003_add_editor_tables":"finished","0004_migrate_ws_session_data":"finished","0005_cleanup_request_response_and_history_body":"finished","0006_add_dbp_to_request_response_and_history":"finished","0007_add_sync_client_buckets_by_order_id_table":"finished","0008_migrate_to_sync_client_buckets_by_order_id":"finished","0009_remove_sync_client_buckets_table":"started"}]
[8707][1599379451903][shared][info]["Migrations: Updated status in migration context",{"0000_initial":"finished","0001_add_archived_resources_table":"finished","0002_add_variable_sessions_table":"finished","0003_add_editor_tables":"finished","0004_migrate_ws_session_data":"finished","0005_cleanup_request_response_and_history_body":"finished","0006_add_dbp_to_request_response_and_history":"finished","0007_add_sync_client_buckets_by_order_id_table":"finished","0008_migrate_to_sync_client_buckets_by_order_id":"finished","0009_remove_sync_client_buckets_table":"finished"}]
[8707][1599379451903][shared][info]["Migrations: Setting context before starting migration","0010_add_history_owner",{"0000_initial":"finished","0001_add_archived_resources_table":"finished","0002_add_variable_sessions_table":"finished","0003_add_editor_tables":"finished","0004_migrate_ws_session_data":"finished","0005_cleanup_request_response_and_history_body":"finished","0006_add_dbp_to_request_response_and_history":"finished","0007_add_sync_client_buckets_by_order_id_table":"finished","0008_migrate_to_sync_client_buckets_by_order_id":"finished","0009_remove_sync_client_buckets_table":"finished","0010_add_history_owner":"started"}]
[8707][1599379451903][shared][info]["Migrations: Applying migration","0010_add_history_owner"]
[8707][1599379451903][shared][info]["Migrations: Processing IndexedDB data migration","0010_add_history_owner"]
[8707][1599379452003][shared][info]["Migrations: Saving migration context after completion","0010_add_history_owner",{"0000_initial":"finished","0001_add_archived_resources_table":"finished","0002_add_variable_sessions_table":"finished","0003_add_editor_tables":"finished","0004_migrate_ws_session_data":"finished","0005_cleanup_request_response_and_history_body":"finished","0006_add_dbp_to_request_response_and_history":"finished","0007_add_sync_client_buckets_by_order_id_table":"finished","0008_migrate_to_sync_client_buckets_by_order_id":"finished","0009_remove_sync_client_buckets_table":"finished","0010_add_history_owner":"started"}]
[8707][1599379452004][shared][info]["Migrations: Starting migration","0011_add_history_response_table"]
[8707][1599379452005][shared][info]["Migrations: Setting context before starting migration","0011_add_history_response_table",{"0000_initial":"finished","0001_add_archived_resources_table":"finished","0002_add_variable_sessions_table":"finished","0003_add_editor_tables":"finished","0004_migrate_ws_session_data":"finished","0005_cleanup_request_response_and_history_body":"finished","0006_add_dbp_to_request_response_and_history":"finished","0007_add_sync_client_buckets_by_order_id_table":"finished","0008_migrate_to_sync_client_buckets_by_order_id":"finished","0009_remove_sync_client_buckets_table":"finished","0010_add_history_owner":"finished","0011_add_history_response_table":"started"}]
[8707][1599379452006][shared][info]["Migrations: Applying migration","0011_add_history_response_table"]
[8707][1599379452006][shared][info]["Migrations: Upgrading IndexedDB to version","0011_add_history_response_table",7]
[8707][1599379452010][shared][info]["Migrations: Adding pending commit to queue","0011_add_history_response_table"]
[8707][1599379452010][shared][info]["Migrations: Starting migration","0012_add_user_data_table"]
[8707][1599379452011][shared][info]["Migrations: Setting context before starting migration","0012_add_user_data_table",{"0000_initial":"finished","0001_add_archived_resources_table":"finished","0002_add_variable_sessions_table":"finished","0003_add_editor_tables":"finished","0004_migrate_ws_session_data":"finished","0005_cleanup_request_response_and_history_body":"finished","0006_add_dbp_to_request_response_and_history":"finished","0007_add_sync_client_buckets_by_order_id_table":"finished","0008_migrate_to_sync_client_buckets_by_order_id":"finished","0009_remove_sync_client_buckets_table":"finished","0010_add_history_owner":"finished","0011_add_history_response_table":"started","0012_add_user_data_table":"started"}]
[8707][1599379452011][shared][info]["Migrations: Applying migration","0012_add_user_data_table"]
[8707][1599379452012][shared][info]["Migrations: Upgrading IndexedDB to version","0012_add_user_data_table",8]
[8707][1599379452015][shared][info]["Migrations: Adding pending commit to queue","0012_add_user_data_table"]
[8707][1599379452015][shared][info]["Migrations: Starting migration","0013_sanitize_request_response_and_history_methods"]
[8707][1599379452016][shared][info]["Migrations: Flushing pending migrations for","0013_sanitize_request_response_and_history_methods"]
[8707][1599379452016][shared][info]["Migrations: Flushing pending commit for type","IndexeddbSchemaMigration"]
[8707][1599379452016][shared][info]["Migrations: Committing IndexedDB upgrade"]
[8707][1599379452130][shared][info]["Migrations: Updating status in migration context",{"0000_initial":"finished","0001_add_archived_resources_table":"finished","0002_add_variable_sessions_table":"finished","0003_add_editor_tables":"finished","0004_migrate_ws_session_data":"finished","0005_cleanup_request_response_and_history_body":"finished","0006_add_dbp_to_request_response_and_history":"finished","0007_add_sync_client_buckets_by_order_id_table":"finished","0008_migrate_to_sync_client_buckets_by_order_id":"finished","0009_remove_sync_client_buckets_table":"finished","0010_add_history_owner":"finished","0011_add_history_response_table":"started","0012_add_user_data_table":"started"}]
[8707][1599379452131][shared][info]["Migrations: Updated status in migration context",{"0000_initial":"finished","0001_add_archived_resources_table":"finished","0002_add_variable_sessions_table":"finished","0003_add_editor_tables":"finished","0004_migrate_ws_session_data":"finished","0005_cleanup_request_response_and_history_body":"finished","0006_add_dbp_to_request_response_and_history":"finished","0007_add_sync_client_buckets_by_order_id_table":"finished","0008_migrate_to_sync_client_buckets_by_order_id":"finished","0009_remove_sync_client_buckets_table":"finished","0010_add_history_owner":"finished","0011_add_history_response_table":"finished","0012_add_user_data_table":"finished"}]
[8707][1599379452132][shared][info]["Migrations: Setting context before starting migration","0013_sanitize_request_response_and_history_methods",{"0000_initial":"finished","0001_add_archived_resources_table":"finished","0002_add_variable_sessions_table":"finished","0003_add_editor_tables":"finished","0004_migrate_ws_session_data":"finished","0005_cleanup_request_response_and_history_body":"finished","0006_add_dbp_to_request_response_and_history":"finished","0007_add_sync_client_buckets_by_order_id_table":"finished","0008_migrate_to_sync_client_buckets_by_order_id":"finished","0009_remove_sync_client_buckets_table":"finished","0010_add_history_owner":"finished","0011_add_history_response_table":"finished","0012_add_user_data_table":"finished","0013_sanitize_request_response_and_history_methods":"started"}]
[8707][1599379452132][shared][info]["Migrations: Applying migration","0013_sanitize_request_response_and_history_methods"]
[8707][1599379452133][shared][info]["Migrations: Processing IndexedDB data migration","0013_sanitize_request_response_and_history_methods"]
[8707][1599379452242][shared][info]["Migrations: Saving migration context after completion","0013_sanitize_request_response_and_history_methods",{"0000_initial":"finished","0001_add_archived_resources_table":"finished","0002_add_variable_sessions_table":"finished","0003_add_editor_tables":"finished","0004_migrate_ws_session_data":"finished","0005_cleanup_request_response_and_history_body":"finished","0006_add_dbp_to_request_response_and_history":"finished","0007_add_sync_client_buckets_by_order_id_table":"finished","0008_migrate_to_sync_client_buckets_by_order_id":"finished","0009_remove_sync_client_buckets_table":"finished","0010_add_history_owner":"finished","0011_add_history_response_table":"finished","0012_add_user_data_table":"finished","0013_sanitize_request_response_and_history_methods":"started"}]
[8707][1599379452243][shared][info]["Migrations: Starting migration","0014_sanitize_response_requestobject_rawmodedata"]
[8707][1599379452244][shared][info]["Migrations: Flushing pending migrations for","0014_sanitize_response_requestobject_rawmodedata"]
[8707][1599379452244][shared][info]["Migrations: Updating status in migration context",{"0000_initial":"finished","0001_add_archived_resources_table":"finished","0002_add_variable_sessions_table":"finished","0003_add_editor_tables":"finished","0004_migrate_ws_session_data":"finished","0005_cleanup_request_response_and_history_body":"finished","0006_add_dbp_to_request_response_and_history":"finished","0007_add_sync_client_buckets_by_order_id_table":"finished","0008_migrate_to_sync_client_buckets_by_order_id":"finished","0009_remove_sync_client_buckets_table":"finished","0010_add_history_owner":"finished","0011_add_history_response_table":"finished","0012_add_user_data_table":"finished","0013_sanitize_request_response_and_history_methods":"finished"}]
[8707][1599379452245][shared][info]["Migrations: Updated status in migration context",{"0000_initial":"finished","0001_add_archived_resources_table":"finished","0002_add_variable_sessions_table":"finished","0003_add_editor_tables":"finished","0004_migrate_ws_session_data":"finished","0005_cleanup_request_response_and_history_body":"finished","0006_add_dbp_to_request_response_and_history":"finished","0007_add_sync_client_buckets_by_order_id_table":"finished","0008_migrate_to_sync_client_buckets_by_order_id":"finished","0009_remove_sync_client_buckets_table":"finished","0010_add_history_owner":"finished","0011_add_history_response_table":"finished","0012_add_user_data_table":"finished","0013_sanitize_request_response_and_history_methods":"finished"}]
[8707][1599379452245][shared][info]["Migrations: Setting context before starting migration","0014_sanitize_response_requestobject_rawmodedata",{"0000_initial":"finished","0001_add_archived_resources_table":"finished","0002_add_variable_sessions_table":"finished","0003_add_editor_tables":"finished","0004_migrate_ws_session_data":"finished","0005_cleanup_request_response_and_history_body":"finished","0006_add_dbp_to_request_response_and_history":"finished","0007_add_sync_client_buckets_by_order_id_table":"finished","0008_migrate_to_sync_client_buckets_by_order_id":"finished","0009_remove_sync_client_buckets_table":"finished","0010_add_history_owner":"finished","0011_add_history_response_table":"finished","0012_add_user_data_table":"finished","0013_sanitize_request_response_and_history_methods":"finished","0014_sanitize_response_requestobject_rawmodedata":"started"}]
[8707][1599379452246][shared][info]["Migrations: Applying migration","0014_sanitize_response_requestobject_rawmodedata"]
[8707][1599379452246][shared][info]["Migrations: Processing IndexedDB data migration","0014_sanitize_response_requestobject_rawmodedata"]
[8707][1599379452303][shared][info]["Migrations: Saving migration context after completion","0014_sanitize_response_requestobject_rawmodedata",{"0000_initial":"finished","0001_add_archived_resources_table":"finished","0002_add_variable_sessions_table":"finished","0003_add_editor_tables":"finished","0004_migrate_ws_session_data":"finished","0005_cleanup_request_response_and_history_body":"finished","0006_add_dbp_to_request_response_and_history":"finished","0007_add_sync_client_buckets_by_order_id_table":"finished","0008_migrate_to_sync_client_buckets_by_order_id":"finished","0009_remove_sync_client_buckets_table":"finished","0010_add_history_owner":"finished","0011_add_history_response_table":"finished","0012_add_user_data_table":"finished","0013_sanitize_request_response_and_history_methods":"finished","0014_sanitize_response_requestobject_rawmodedata":"started"}]
[8707][1599379452305][shared][info]["Migrations: Starting migration","0015_add_favorited_collections_table"]
[8707][1599379452305][shared][info]["Migrations: Setting context before starting migration","0015_add_favorited_collections_table",{"0000_initial":"finished","0001_add_archived_resources_table":"finished","0002_add_variable_sessions_table":"finished","0003_add_editor_tables":"finished","0004_migrate_ws_session_data":"finished","0005_cleanup_request_response_and_history_body":"finished","0006_add_dbp_to_request_response_and_history":"finished","0007_add_sync_client_buckets_by_order_id_table":"finished","0008_migrate_to_sync_client_buckets_by_order_id":"finished","0009_remove_sync_client_buckets_table":"finished","0010_add_history_owner":"finished","0011_add_history_response_table":"finished","0012_add_user_data_table":"finished","0013_sanitize_request_response_and_history_methods":"finished","0014_sanitize_response_requestobject_rawmodedata":"finished","0015_add_favorited_collections_table":"started"}]
[8707][1599379452306][shared][info]["Migrations: Applying migration","0015_add_favorited_collections_table"]
[8707][1599379452306][shared][info]["Migrations: Upgrading IndexedDB to version","0015_add_favorited_collections_table",9]
[8707][1599379452309][shared][info]["Migrations: Adding pending commit to queue","0015_add_favorited_collections_table"]
[8707][1599379452310][shared][info]["Migrations: Starting migration","0016_add_permission_table"]
[8707][1599379452310][shared][info]["Migrations: Setting context before starting migration","0016_add_permission_table",{"0000_initial":"finished","0001_add_archived_resources_table":"finished","0002_add_variable_sessions_table":"finished","0003_add_editor_tables":"finished","0004_migrate_ws_session_data":"finished","0005_cleanup_request_response_and_history_body":"finished","0006_add_dbp_to_request_response_and_history":"finished","0007_add_sync_client_buckets_by_order_id_table":"finished","0008_migrate_to_sync_client_buckets_by_order_id":"finished","0009_remove_sync_client_buckets_table":"finished","0010_add_history_owner":"finished","0011_add_history_response_table":"finished","0012_add_user_data_table":"finished","0013_sanitize_request_response_and_history_methods":"finished","0014_sanitize_response_requestobject_rawmodedata":"finished","0015_add_favorited_collections_table":"started","0016_add_permission_table":"started"}]
[8707][1599379452311][shared][info]["Migrations: Applying migration","0016_add_permission_table"]
[8707][1599379452311][shared][info]["Migrations: Upgrading IndexedDB to version","0016_add_permission_table",10]
[8707][1599379452315][shared][info]["Migrations: Adding pending commit to queue","0016_add_permission_table"]
[8707][1599379452315][shared][info]["Migrations: Starting migration","0017_add_user_preferences_table"]
[8707][1599379452315][shared][info]["Migrations: Setting context before starting migration","0017_add_user_preferences_table",{"0000_initial":"finished","0001_add_archived_resources_table":"finished","0002_add_variable_sessions_table":"finished","0003_add_editor_tables":"finished","0004_migrate_ws_session_data":"finished","0005_cleanup_request_response_and_history_body":"finished","0006_add_dbp_to_request_response_and_history":"finished","0007_add_sync_client_buckets_by_order_id_table":"finished","0008_migrate_to_sync_client_buckets_by_order_id":"finished","0009_remove_sync_client_buckets_table":"finished","0010_add_history_owner":"finished","0011_add_history_response_table":"finished","0012_add_user_data_table":"finished","0013_sanitize_request_response_and_history_methods":"finished","0014_sanitize_response_requestobject_rawmodedata":"finished","0015_add_favorited_collections_table":"started","0016_add_permission_table":"started","0017_add_user_preferences_table":"started"}]
[8707][1599379452316][shared][info]["Migrations: Applying migration","0017_add_user_preferences_table"]
[8707][1599379452317][shared][info]["Migrations: Upgrading IndexedDB to version","0017_add_user_preferences_table",11]
[8707][1599379452320][shared][info]["Migrations: Adding pending commit to queue","0017_add_user_preferences_table"]
[8707][1599379452320][shared][info]["Migrations: Starting migration","0018_index_header_presets"]
[8707][1599379452321][shared][info]["Migrations: Setting context before starting migration","0018_index_header_presets",{"0000_initial":"finished","0001_add_archived_resources_table":"finished","0002_add_variable_sessions_table":"finished","0003_add_editor_tables":"finished","0004_migrate_ws_session_data":"finished","0005_cleanup_request_response_and_history_body":"finished","0006_add_dbp_to_request_response_and_history":"finished","0007_add_sync_client_buckets_by_order_id_table":"finished","0008_migrate_to_sync_client_buckets_by_order_id":"finished","0009_remove_sync_client_buckets_table":"finished","0010_add_history_owner":"finished","0011_add_history_response_table":"finished","0012_add_user_data_table":"finished","0013_sanitize_request_response_and_history_methods":"finished","0014_sanitize_response_requestobject_rawmodedata":"finished","0015_add_favorited_collections_table":"started","0016_add_permission_table":"started","0017_add_user_preferences_table":"started","0018_index_header_presets":"started"}]
[8707][1599379452322][shared][info]["Migrations: Applying migration","0018_index_header_presets"]
[8707][1599379452322][shared][info]["Migrations: Upgrading IndexedDB to version","0018_index_header_presets",12]
[8707][1599379452325][shared][info]["Migrations: Adding pending commit to queue","0018_index_header_presets"]
[8707][1599379452326][shared][info]["Migrations: Starting migration","0019_migrate_favorite_collections_data"]
[8707][1599379452326][shared][info]["Migrations: Flushing pending migrations for","0019_migrate_favorite_collections_data"]
[8707][1599379452326][shared][info]["Migrations: Flushing pending commit for type","IndexeddbSchemaMigration"]
[8707][1599379452327][shared][info]["Migrations: Committing IndexedDB upgrade"]
[8707][1599379452389][shared][info]["Migrations: Updating status in migration context",{"0000_initial":"finished","0001_add_archived_resources_table":"finished","0002_add_variable_sessions_table":"finished","0003_add_editor_tables":"finished","0004_migrate_ws_session_data":"finished","0005_cleanup_request_response_and_history_body":"finished","0006_add_dbp_to_request_response_and_history":"finished","0007_add_sync_client_buckets_by_order_id_table":"finished","0008_migrate_to_sync_client_buckets_by_order_id":"finished","0009_remove_sync_client_buckets_table":"finished","0010_add_history_owner":"finished","0011_add_history_response_table":"finished","0012_add_user_data_table":"finished","0013_sanitize_request_response_and_history_methods":"finished","0014_sanitize_response_requestobject_rawmodedata":"finished","0015_add_favorited_collections_table":"started","0016_add_permission_table":"started","0017_add_user_preferences_table":"started","0018_index_header_presets":"started"}]
[8707][1599379452390][shared][info]["Migrations: Updated status in migration context",{"0000_initial":"finished","0001_add_archived_resources_table":"finished","0002_add_variable_sessions_table":"finished","0003_add_editor_tables":"finished","0004_migrate_ws_session_data":"finished","0005_cleanup_request_response_and_history_body":"finished","0006_add_dbp_to_request_response_and_history":"finished","0007_add_sync_client_buckets_by_order_id_table":"finished","0008_migrate_to_sync_client_buckets_by_order_id":"finished","0009_remove_sync_client_buckets_table":"finished","0010_add_history_owner":"finished","0011_add_history_response_table":"finished","0012_add_user_data_table":"finished","0013_sanitize_request_response_and_history_methods":"finished","0014_sanitize_response_requestobject_rawmodedata":"finished","0015_add_favorited_collections_table":"finished","0016_add_permission_table":"finished","0017_add_user_preferences_table":"finished","0018_index_header_presets":"finished"}]
[8707][1599379452391][shared][info]["Migrations: Setting context before starting migration","0019_migrate_favorite_collections_data",{"0000_initial":"finished","0001_add_archived_resources_table":"finished","0002_add_variable_sessions_table":"finished","0003_add_editor_tables":"finished","0004_migrate_ws_session_data":"finished","0005_cleanup_request_response_and_history_body":"finished","0006_add_dbp_to_request_response_and_history":"finished","0007_add_sync_client_buckets_by_order_id_table":"finished","0008_migrate_to_sync_client_buckets_by_order_id":"finished","0009_remove_sync_client_buckets_table":"finished","0010_add_history_owner":"finished","0011_add_history_response_table":"finished","0012_add_user_data_table":"finished","0013_sanitize_request_response_and_history_methods":"finished","0014_sanitize_response_requestobject_rawmodedata":"finished","0015_add_favorited_collections_table":"finished","0016_add_permission_table":"finished","0017_add_user_preferences_table":"finished","0018_index_header_presets":"finished","0019_migrate_favorite_collections_data":"started"}]
[8707][1599379452391][shared][info]["Migrations: Applying migration","0019_migrate_favorite_collections_data"]
[8707][1599379452392][shared][info]["Migrations: Processing IndexedDB data migration","0019_migrate_favorite_collections_data"]
[8707][1599379452395][shared][info]["Migration~FavoriteCollections: Starting migration"]
[8707][1599379452496][shared][info]["Migrations: Saving migration context after completion","0019_migrate_favorite_collections_data",{"0000_initial":"finished","0001_add_archived_resources_table":"finished","0002_add_variable_sessions_table":"finished","0003_add_editor_tables":"finished","0004_migrate_ws_session_data":"finished","0005_cleanup_request_response_and_history_body":"finished","0006_add_dbp_to_request_response_and_history":"finished","0007_add_sync_client_buckets_by_order_id_table":"finished","0008_migrate_to_sync_client_buckets_by_order_id":"finished","0009_remove_sync_client_buckets_table":"finished","0010_add_history_owner":"finished","0011_add_history_response_table":"finished","0012_add_user_data_table":"finished","0013_sanitize_request_response_and_history_methods":"finished","0014_sanitize_response_requestobject_rawmodedata":"finished","0015_add_favorited_collections_table":"finished","0016_add_permission_table":"finished","0017_add_user_preferences_table":"finished","0018_index_header_presets":"finished","0019_migrate_favorite_collections_data":"started"}]
[8707][1599379452496][shared][info]["Migrations: Starting migration","0020_migrate_sync_client_revision"]
[8707][1599379452496][shared][info]["Migrations: Flushing pending migrations for","0020_migrate_sync_client_revision"]
[8707][1599379452497][shared][info]["Migrations: Updating status in migration context",{"0000_initial":"finished","0001_add_archived_resources_table":"finished","0002_add_variable_sessions_table":"finished","0003_add_editor_tables":"finished","0004_migrate_ws_session_data":"finished","0005_cleanup_request_response_and_history_body":"finished","0006_add_dbp_to_request_response_and_history":"finished","0007_add_sync_client_buckets_by_order_id_table":"finished","0008_migrate_to_sync_client_buckets_by_order_id":"finished","0009_remove_sync_client_buckets_table":"finished","0010_add_history_owner":"finished","0011_add_history_response_table":"finished","0012_add_user_data_table":"finished","0013_sanitize_request_response_and_history_methods":"finished","0014_sanitize_response_requestobject_rawmodedata":"finished","0015_add_favorited_collections_table":"finished","0016_add_permission_table":"finished","0017_add_user_preferences_table":"finished","0018_index_header_presets":"finished","0019_migrate_favorite_collections_data":"finished"}]
[8707][1599379452497][shared][info]["Migrations: Updated status in migration context",{"0000_initial":"finished","0001_add_archived_resources_table":"finished","0002_add_variable_sessions_table":"finished","0003_add_editor_tables":"finished","0004_migrate_ws_session_data":"finished","0005_cleanup_request_response_and_history_body":"finished","0006_add_dbp_to_request_response_and_history":"finished","0007_add_sync_client_buckets_by_order_id_table":"finished","0008_migrate_to_sync_client_buckets_by_order_id":"finished","0009_remove_sync_client_buckets_table":"finished","0010_add_history_owner":"finished","0011_add_history_response_table":"finished","0012_add_user_data_table":"finished","0013_sanitize_request_response_and_history_methods":"finished","0014_sanitize_response_requestobject_rawmodedata":"finished","0015_add_favorited_collections_table":"finished","0016_add_permission_table":"finished","0017_add_user_preferences_table":"finished","0018_index_header_presets":"finished","0019_migrate_favorite_collections_data":"finished"}]
[8707][1599379452497][shared][info]["Migrations: Setting context before starting migration","0020_migrate_sync_client_revision",{"0000_initial":"finished","0001_add_archived_resources_table":"finished","0002_add_variable_sessions_table":"finished","0003_add_editor_tables":"finished","0004_migrate_ws_session_data":"finished","0005_cleanup_request_response_and_history_body":"finished","0006_add_dbp_to_request_response_and_history":"finished","0007_add_sync_client_buckets_by_order_id_table":"finished","0008_migrate_to_sync_client_buckets_by_order_id":"finished","0009_remove_sync_client_buckets_table":"finished","0010_add_history_owner":"finished","0011_add_history_response_table":"finished","0012_add_user_data_table":"finished","0013_sanitize_request_response_and_history_methods":"finished","0014_sanitize_response_requestobject_rawmodedata":"finished","0015_add_favorited_collections_table":"finished","0016_add_permission_table":"finished","0017_add_user_preferences_table":"finished","0018_index_header_presets":"finished","0019_migrate_favorite_collections_data":"finished","0020_migrate_sync_client_revision":"started"}]
[8707][1599379452497][shared][info]["Migrations: Applying migration","0020_migrate_sync_client_revision"]
[8707][1599379452497][shared][info]["Migrations: Processing IndexedDB data migration","0020_migrate_sync_client_revision"]
[8707][1599379452499][shared][info]["Migration~SyncClientRevision: Migrating revision id for timelines"]
[8707][1599379452544][shared][info]["Migrations: Saving migration context after completion","0020_migrate_sync_client_revision",{"0000_initial":"finished","0001_add_archived_resources_table":"finished","0002_add_variable_sessions_table":"finished","0003_add_editor_tables":"finished","0004_migrate_ws_session_data":"finished","0005_cleanup_request_response_and_history_body":"finished","0006_add_dbp_to_request_response_and_history":"finished","0007_add_sync_client_buckets_by_order_id_table":"finished","0008_migrate_to_sync_client_buckets_by_order_id":"finished","0009_remove_sync_client_buckets_table":"finished","0010_add_history_owner":"finished","0011_add_history_response_table":"finished","0012_add_user_data_table":"finished","0013_sanitize_request_response_and_history_methods":"finished","0014_sanitize_response_requestobject_rawmodedata":"finished","0015_add_favorited_collections_table":"finished","0016_add_permission_table":"finished","0017_add_user_preferences_table":"finished","0018_index_header_presets":"finished","0019_migrate_favorite_collections_data":"finished","0020_migrate_sync_client_revision":"started"}]
[8707][1599379452545][shared][info]["Migrations: Starting migration","0021_clear_permissions"]
[8707][1599379452545][shared][info]["Migrations: Flushing pending migrations for","0021_clear_permissions"]
[8707][1599379452545][shared][info]["Migrations: Updating status in migration context",{"0000_initial":"finished","0001_add_archived_resources_table":"finished","0002_add_variable_sessions_table":"finished","0003_add_editor_tables":"finished","0004_migrate_ws_session_data":"finished","0005_cleanup_request_response_and_history_body":"finished","0006_add_dbp_to_request_response_and_history":"finished","0007_add_sync_client_buckets_by_order_id_table":"finished","0008_migrate_to_sync_client_buckets_by_order_id":"finished","0009_remove_sync_client_buckets_table":"finished","0010_add_history_owner":"finished","0011_add_history_response_table":"finished","0012_add_user_data_table":"finished","0013_sanitize_request_response_and_history_methods":"finished","0014_sanitize_response_requestobject_rawmodedata":"finished","0015_add_favorited_collections_table":"finished","0016_add_permission_table":"finished","0017_add_user_preferences_table":"finished","0018_index_header_presets":"finished","0019_migrate_favorite_collections_data":"finished","0020_migrate_sync_client_revision":"finished"}]
[8707][1599379452545][shared][info]["Migrations: Updated status in migration context",{"0000_initial":"finished","0001_add_archived_resources_table":"finished","0002_add_variable_sessions_table":"finished","0003_add_editor_tables":"finished","0004_migrate_ws_session_data":"finished","0005_cleanup_request_response_and_history_body":"finished","0006_add_dbp_to_request_response_and_history":"finished","0007_add_sync_client_buckets_by_order_id_table":"finished","0008_migrate_to_sync_client_buckets_by_order_id":"finished","0009_remove_sync_client_buckets_table":"finished","0010_add_history_owner":"finished","0011_add_history_response_table":"finished","0012_add_user_data_table":"finished","0013_sanitize_request_response_and_history_methods":"finished","0014_sanitize_response_requestobject_rawmodedata":"finished","0015_add_favorited_collections_table":"finished","0016_add_permission_table":"finished","0017_add_user_preferences_table":"finished","0018_index_header_presets":"finished","0019_migrate_favorite_collections_data":"finished","0020_migrate_sync_client_revision":"finished"}]
[8707][1599379452545][shared][info]["Migrations: Setting context before starting migration","0021_clear_permissions",{"0000_initial":"finished","0001_add_archived_resources_table":"finished","0002_add_variable_sessions_table":"finished","0003_add_editor_tables":"finished","0004_migrate_ws_session_data":"finished","0005_cleanup_request_response_and_history_body":"finished","0006_add_dbp_to_request_response_and_history":"finished","0007_add_sync_client_buckets_by_order_id_table":"finished","0008_migrate_to_sync_client_buckets_by_order_id":"finished","0009_remove_sync_client_buckets_table":"finished","0010_add_history_owner":"finished","0011_add_history_response_table":"finished","0012_add_user_data_table":"finished","0013_sanitize_request_response_and_history_methods":"finished","0014_sanitize_response_requestobject_rawmodedata":"finished","0015_add_favorited_collections_table":"finished","0016_add_permission_table":"finished","0017_add_user_preferences_table":"finished","0018_index_header_presets":"finished","0019_migrate_favorite_collections_data":"finished","0020_migrate_sync_client_revision":"finished","0021_clear_permissions":"started"}]
[8707][1599379452545][shared][info]["Migrations: Applying migration","0021_clear_permissions"]
[8707][1599379452545][shared][info]["Migrations: Processing IndexedDB data migration","0021_clear_permissions"]
[8707][1599379452546][shared][info]["Migration~Permissions: Starting migration"]
[8707][1599379452596][shared][info]["Migrations: Saving migration context after completion","0021_clear_permissions",{"0000_initial":"finished","0001_add_archived_resources_table":"finished","0002_add_variable_sessions_table":"finished","0003_add_editor_tables":"finished","0004_migrate_ws_session_data":"finished","0005_cleanup_request_response_and_history_body":"finished","0006_add_dbp_to_request_response_and_history":"finished","0007_add_sync_client_buckets_by_order_id_table":"finished","0008_migrate_to_sync_client_buckets_by_order_id":"finished","0009_remove_sync_client_buckets_table":"finished","0010_add_history_owner":"finished","0011_add_history_response_table":"finished","0012_add_user_data_table":"finished","0013_sanitize_request_response_and_history_methods":"finished","0014_sanitize_response_requestobject_rawmodedata":"finished","0015_add_favorited_collections_table":"finished","0016_add_permission_table":"finished","0017_add_user_preferences_table":"finished","0018_index_header_presets":"finished","0019_migrate_favorite_collections_data":"finished","0020_migrate_sync_client_revision":"finished","0021_clear_permissions":"started"}]
[8707][1599379452597][shared][info]["Migrations: Starting migration","0022_add_workspace_header_presets"]
[8707][1599379452597][shared][info]["Migrations: Flushing pending migrations for","0022_add_workspace_header_presets"]
[8707][1599379452597][shared][info]["Migrations: Updating status in migration context",{"0000_initial":"finished","0001_add_archived_resources_table":"finished","0002_add_variable_sessions_table":"finished","0003_add_editor_tables":"finished","0004_migrate_ws_session_data":"finished","0005_cleanup_request_response_and_history_body":"finished","0006_add_dbp_to_request_response_and_history":"finished","0007_add_sync_client_buckets_by_order_id_table":"finished","0008_migrate_to_sync_client_buckets_by_order_id":"finished","0009_remove_sync_client_buckets_table":"finished","0010_add_history_owner":"finished","0011_add_history_response_table":"finished","0012_add_user_data_table":"finished","0013_sanitize_request_response_and_history_methods":"finished","0014_sanitize_response_requestobject_rawmodedata":"finished","0015_add_favorited_collections_table":"finished","0016_add_permission_table":"finished","0017_add_user_preferences_table":"finished","0018_index_header_presets":"finished","0019_migrate_favorite_collections_data":"finished","0020_migrate_sync_client_revision":"finished","0021_clear_permissions":"finished"}]
[8707][1599379452598][shared][info]["Migrations: Updated status in migration context",{"0000_initial":"finished","0001_add_archived_resources_table":"finished","0002_add_variable_sessions_table":"finished","0003_add_editor_tables":"finished","0004_migrate_ws_session_data":"finished","0005_cleanup_request_response_and_history_body":"finished","0006_add_dbp_to_request_response_and_history":"finished","0007_add_sync_client_buckets_by_order_id_table":"finished","0008_migrate_to_sync_client_buckets_by_order_id":"finished","0009_remove_sync_client_buckets_table":"finished","0010_add_history_owner":"finished","0011_add_history_response_table":"finished","0012_add_user_data_table":"finished","0013_sanitize_request_response_and_history_methods":"finished","0014_sanitize_response_requestobject_rawmodedata":"finished","0015_add_favorited_collections_table":"finished","0016_add_permission_table":"finished","0017_add_user_preferences_table":"finished","0018_index_header_presets":"finished","0019_migrate_favorite_collections_data":"finished","0020_migrate_sync_client_revision":"finished","0021_clear_permissions":"finished"}]
[8707][1599379452599][shared][info]["Migrations: Setting context before starting migration","0022_add_workspace_header_presets",{"0000_initial":"finished","0001_add_archived_resources_table":"finished","0002_add_variable_sessions_table":"finished","0003_add_editor_tables":"finished","0004_migrate_ws_session_data":"finished","0005_cleanup_request_response_and_history_body":"finished","0006_add_dbp_to_request_response_and_history":"finished","0007_add_sync_client_buckets_by_order_id_table":"finished","0008_migrate_to_sync_client_buckets_by_order_id":"finished","0009_remove_sync_client_buckets_table":"finished","0010_add_history_owner":"finished","0011_add_history_response_table":"finished","0012_add_user_data_table":"finished","0013_sanitize_request_response_and_history_methods":"finished","0014_sanitize_response_requestobject_rawmodedata":"finished","0015_add_favorited_collections_table":"finished","0016_add_permission_table":"finished","0017_add_user_preferences_table":"finished","0018_index_header_presets":"finished","0019_migrate_favorite_collections_data":"finished","0020_migrate_sync_client_revision":"finished","0021_clear_permissions":"finished","0022_add_workspace_header_presets":"started"}]
[8707][1599379452599][shared][info]["Migrations: Applying migration","0022_add_workspace_header_presets"]
[8707][1599379452600][shared][info]["Migrations: Processing IndexedDB data migration","0022_add_workspace_header_presets"]
[8707][1599379452604][shared][info]["Migration~HeaderPresets: Add workspace property in header presets"]
[8707][1599379452657][shared][info]["Migrations: Saving migration context after completion","0022_add_workspace_header_presets",{"0000_initial":"finished","0001_add_archived_resources_table":"finished","0002_add_variable_sessions_table":"finished","0003_add_editor_tables":"finished","0004_migrate_ws_session_data":"finished","0005_cleanup_request_response_and_history_body":"finished","0006_add_dbp_to_request_response_and_history":"finished","0007_add_sync_client_buckets_by_order_id_table":"finished","0008_migrate_to_sync_client_buckets_by_order_id":"finished","0009_remove_sync_client_buckets_table":"finished","0010_add_history_owner":"finished","0011_add_history_response_table":"finished","0012_add_user_data_table":"finished","0013_sanitize_request_response_and_history_methods":"finished","0014_sanitize_response_requestobject_rawmodedata":"finished","0015_add_favorited_collections_table":"finished","0016_add_permission_table":"finished","0017_add_user_preferences_table":"finished","0018_index_header_presets":"finished","0019_migrate_favorite_collections_data":"finished","0020_migrate_sync_client_revision":"finished","0021_clear_permissions":"finished","0022_add_workspace_header_presets":"started"}]
[8707][1599379452658][shared][info]["Migrations: Starting migration","0023_remove_collection_permissions_and_shared"]
[8707][1599379452658][shared][info]["Migrations: Flushing pending migrations for","0023_remove_collection_permissions_and_shared"]
[8707][1599379452659][shared][info]["Migrations: Updating status in migration context",{"0000_initial":"finished","0001_add_archived_resources_table":"finished","0002_add_variable_sessions_table":"finished","0003_add_editor_tables":"finished","0004_migrate_ws_session_data":"finished","0005_cleanup_request_response_and_history_body":"finished","0006_add_dbp_to_request_response_and_history":"finished","0007_add_sync_client_buckets_by_order_id_table":"finished","0008_migrate_to_sync_client_buckets_by_order_id":"finished","0009_remove_sync_client_buckets_table":"finished","0010_add_history_owner":"finished","0011_add_history_response_table":"finished","0012_add_user_data_table":"finished","0013_sanitize_request_response_and_history_methods":"finished","0014_sanitize_response_requestobject_rawmodedata":"finished","0015_add_favorited_collections_table":"finished","0016_add_permission_table":"finished","0017_add_user_preferences_table":"finished","0018_index_header_presets":"finished","0019_migrate_favorite_collections_data":"finished","0020_migrate_sync_client_revision":"finished","0021_clear_permissions":"finished","0022_add_workspace_header_presets":"finished"}]
[8707][1599379452660][shared][info]["Migrations: Updated status in migration context",{"0000_initial":"finished","0001_add_archived_resources_table":"finished","0002_add_variable_sessions_table":"finished","0003_add_editor_tables":"finished","0004_migrate_ws_session_data":"finished","0005_cleanup_request_response_and_history_body":"finished","0006_add_dbp_to_request_response_and_history":"finished","0007_add_sync_client_buckets_by_order_id_table":"finished","0008_migrate_to_sync_client_buckets_by_order_id":"finished","0009_remove_sync_client_buckets_table":"finished","0010_add_history_owner":"finished","0011_add_history_response_table":"finished","0012_add_user_data_table":"finished","0013_sanitize_request_response_and_history_methods":"finished","0014_sanitize_response_requestobject_rawmodedata":"finished","0015_add_favorited_collections_table":"finished","0016_add_permission_table":"finished","0017_add_user_preferences_table":"finished","0018_index_header_presets":"finished","0019_migrate_favorite_collections_data":"finished","0020_migrate_sync_client_revision":"finished","0021_clear_permissions":"finished","0022_add_workspace_header_presets":"finished"}]
[8707][1599379452660][shared][info]["Migrations: Setting context before starting migration","0023_remove_collection_permissions_and_shared",{"0000_initial":"finished","0001_add_archived_resources_table":"finished","0002_add_variable_sessions_table":"finished","0003_add_editor_tables":"finished","0004_migrate_ws_session_data":"finished","0005_cleanup_request_response_and_history_body":"finished","0006_add_dbp_to_request_response_and_history":"finished","0007_add_sync_client_buckets_by_order_id_table":"finished","0008_migrate_to_sync_client_buckets_by_order_id":"finished","0009_remove_sync_client_buckets_table":"finished","0010_add_history_owner":"finished","0011_add_history_response_table":"finished","0012_add_user_data_table":"finished","0013_sanitize_request_response_and_history_methods":"finished","0014_sanitize_response_requestobject_rawmodedata":"finished","0015_add_favorited_collections_table":"finished","0016_add_permission_table":"finished","0017_add_user_preferences_table":"finished","0018_index_header_presets":"finished","0019_migrate_favorite_collections_data":"finished","0020_migrate_sync_client_revision":"finished","0021_clear_permissions":"finished","0022_add_workspace_header_presets":"finished","0023_remove_collection_permissions_and_shared":"started"}]
[8707][1599379452661][shared][info]["Migrations: Applying migration","0023_remove_collection_permissions_and_shared"]
[8707][1599379452661][shared][info]["Migrations: Processing IndexedDB data migration","0023_remove_collection_permissions_and_shared"]
[8707][1599379452721][shared][info]["Migrations: Saving migration context after completion","0023_remove_collection_permissions_and_shared",{"0000_initial":"finished","0001_add_archived_resources_table":"finished","0002_add_variable_sessions_table":"finished","0003_add_editor_tables":"finished","0004_migrate_ws_session_data":"finished","0005_cleanup_request_response_and_history_body":"finished","0006_add_dbp_to_request_response_and_history":"finished","0007_add_sync_client_buckets_by_order_id_table":"finished","0008_migrate_to_sync_client_buckets_by_order_id":"finished","0009_remove_sync_client_buckets_table":"finished","0010_add_history_owner":"finished","0011_add_history_response_table":"finished","0012_add_user_data_table":"finished","0013_sanitize_request_response_and_history_methods":"finished","0014_sanitize_response_requestobject_rawmodedata":"finished","0015_add_favorited_collections_table":"finished","0016_add_permission_table":"finished","0017_add_user_preferences_table":"finished","0018_index_header_presets":"finished","0019_migrate_favorite_collections_data":"finished","0020_migrate_sync_client_revision":"finished","0021_clear_permissions":"finished","0022_add_workspace_header_presets":"finished","0023_remove_collection_permissions_and_shared":"started"}]
[8707][1599379452722][shared][info]["Migrations: Starting migration","0024_add_console_timelines_table"]
[8707][1599379452723][shared][info]["Migrations: Setting context before starting migration","0024_add_console_timelines_table",{"0000_initial":"finished","0001_add_archived_resources_table":"finished","0002_add_variable_sessions_table":"finished","0003_add_editor_tables":"finished","0004_migrate_ws_session_data":"finished","0005_cleanup_request_response_and_history_body":"finished","0006_add_dbp_to_request_response_and_history":"finished","0007_add_sync_client_buckets_by_order_id_table":"finished","0008_migrate_to_sync_client_buckets_by_order_id":"finished","0009_remove_sync_client_buckets_table":"finished","0010_add_history_owner":"finished","0011_add_history_response_table":"finished","0012_add_user_data_table":"finished","0013_sanitize_request_response_and_history_methods":"finished","0014_sanitize_response_requestobject_rawmodedata":"finished","0015_add_favorited_collections_table":"finished","0016_add_permission_table":"finished","0017_add_user_preferences_table":"finished","0018_index_header_presets":"finished","0019_migrate_favorite_collections_data":"finished","0020_migrate_sync_client_revision":"finished","0021_clear_permissions":"finished","0022_add_workspace_header_presets":"finished","0023_remove_collection_permissions_and_shared":"finished","0024_add_console_timelines_table":"started"}]
[8707][1599379452723][shared][info]["Migrations: Applying migration","0024_add_console_timelines_table"]
[8707][1599379452724][shared][info]["Migrations: Upgrading IndexedDB to version","0024_add_console_timelines_table",13]
[8707][1599379452727][shared][info]["Migrations: Adding pending commit to queue","0024_add_console_timelines_table"]
[8707][1599379452727][shared][info]["Migrations: Starting migration","0025_add_console_events_table"]
[8707][1599379452727][shared][info]["Migrations: Setting context before starting migration","0025_add_console_events_table",{"0000_initial":"finished","0001_add_archived_resources_table":"finished","0002_add_variable_sessions_table":"finished","0003_add_editor_tables":"finished","0004_migrate_ws_session_data":"finished","0005_cleanup_request_response_and_history_body":"finished","0006_add_dbp_to_request_response_and_history":"finished","0007_add_sync_client_buckets_by_order_id_table":"finished","0008_migrate_to_sync_client_buckets_by_order_id":"finished","0009_remove_sync_client_buckets_table":"finished","0010_add_history_owner":"finished","0011_add_history_response_table":"finished","0012_add_user_data_table":"finished","0013_sanitize_request_response_and_history_methods":"finished","0014_sanitize_response_requestobject_rawmodedata":"finished","0015_add_favorited_collections_table":"finished","0016_add_permission_table":"finished","0017_add_user_preferences_table":"finished","0018_index_header_presets":"finished","0019_migrate_favorite_collections_data":"finished","0020_migrate_sync_client_revision":"finished","0021_clear_permissions":"finished","0022_add_workspace_header_presets":"finished","0023_remove_collection_permissions_and_shared":"finished","0024_add_console_timelines_table":"started","0025_add_console_events_table":"started"}]
[8707][1599379452728][shared][info]["Migrations: Applying migration","0025_add_console_events_table"]
[8707][1599379452728][shared][info]["Migrations: Upgrading IndexedDB to version","0025_add_console_events_table",14]
[8707][1599379452731][shared][info]["Migrations: Adding pending commit to queue","0025_add_console_events_table"]
[8707][1599379452732][shared][info]["Migrations: Starting migration","0026_index_console_events"]
[8707][1599379452732][shared][info]["Migrations: Setting context before starting migration","0026_index_console_events",{"0000_initial":"finished","0001_add_archived_resources_table":"finished","0002_add_variable_sessions_table":"finished","0003_add_editor_tables":"finished","0004_migrate_ws_session_data":"finished","0005_cleanup_request_response_and_history_body":"finished","0006_add_dbp_to_request_response_and_history":"finished","0007_add_sync_client_buckets_by_order_id_table":"finished","0008_migrate_to_sync_client_buckets_by_order_id":"finished","0009_remove_sync_client_buckets_table":"finished","0010_add_history_owner":"finished","0011_add_history_response_table":"finished","0012_add_user_data_table":"finished","0013_sanitize_request_response_and_history_methods":"finished","0014_sanitize_response_requestobject_rawmodedata":"finished","0015_add_favorited_collections_table":"finished","0016_add_permission_table":"finished","0017_add_user_preferences_table":"finished","0018_index_header_presets":"finished","0019_migrate_favorite_collections_data":"finished","0020_migrate_sync_client_revision":"finished","0021_clear_permissions":"finished","0022_add_workspace_header_presets":"finished","0023_remove_collection_permissions_and_shared":"finished","0024_add_console_timelines_table":"started","0025_add_console_events_table":"started","0026_index_console_events":"started"}]
[8707][1599379452733][shared][info]["Migrations: Applying migration","0026_index_console_events"]
[8707][1599379452733][shared][info]["Migrations: Upgrading IndexedDB to version","0026_index_console_events",15]
[8707][1599379452736][shared][info]["Migrations: Adding pending commit to queue","0026_index_console_events"]
[8707][1599379452737][shared][info]["Migrations: Starting migration","0027_add_console_blob_table"]
[8707][1599379452737][shared][info]["Migrations: Setting context before starting migration","0027_add_console_blob_table",{"0000_initial":"finished","0001_add_archived_resources_table":"finished","0002_add_variable_sessions_table":"finished","0003_add_editor_tables":"finished","0004_migrate_ws_session_data":"finished","0005_cleanup_request_response_and_history_body":"finished","0006_add_dbp_to_request_response_and_history":"finished","0007_add_sync_client_buckets_by_order_id_table":"finished","0008_migrate_to_sync_client_buckets_by_order_id":"finished","0009_remove_sync_client_buckets_table":"finished","0010_add_history_owner":"finished","0011_add_history_response_table":"finished","0012_add_user_data_table":"finished","0013_sanitize_request_response_and_history_methods":"finished","0014_sanitize_response_requestobject_rawmodedata":"finished","0015_add_favorited_collections_table":"finished","0016_add_permission_table":"finished","0017_add_user_preferences_table":"finished","0018_index_header_presets":"finished","0019_migrate_favorite_collections_data":"finished","0020_migrate_sync_client_revision":"finished","0021_clear_permissions":"finished","0022_add_workspace_header_presets":"finished","0023_remove_collection_permissions_and_shared":"finished","0024_add_console_timelines_table":"started","0025_add_console_events_table":"started","0026_index_console_events":"started","0027_add_console_blob_table":"started"}]
[8707][1599379452738][shared][info]["Migrations: Applying migration","0027_add_console_blob_table"]
[8707][1599379452739][shared][info]["Migrations: Upgrading IndexedDB to version","0027_add_console_blob_table",16]
[8707][1599379452742][shared][info]["Migrations: Adding pending commit to queue","0027_add_console_blob_table"]
[8707][1599379452743][shared][info]["Migrations: Starting migration","0028_add_runner_data_table"]
[8707][1599379452743][shared][info]["Migrations: Setting context before starting migration","0028_add_runner_data_table",{"0000_initial":"finished","0001_add_archived_resources_table":"finished","0002_add_variable_sessions_table":"finished","0003_add_editor_tables":"finished","0004_migrate_ws_session_data":"finished","0005_cleanup_request_response_and_history_body":"finished","0006_add_dbp_to_request_response_and_history":"finished","0007_add_sync_client_buckets_by_order_id_table":"finished","0008_migrate_to_sync_client_buckets_by_order_id":"finished","0009_remove_sync_client_buckets_table":"finished","0010_add_history_owner":"finished","0011_add_history_response_table":"finished","0012_add_user_data_table":"finished","0013_sanitize_request_response_and_history_methods":"finished","0014_sanitize_response_requestobject_rawmodedata":"finished","0015_add_favorited_collections_table":"finished","0016_add_permission_table":"finished","0017_add_user_preferences_table":"finished","0018_index_header_presets":"finished","0019_migrate_favorite_collections_data":"finished","0020_migrate_sync_client_revision":"finished","0021_clear_permissions":"finished","0022_add_workspace_header_presets":"finished","0023_remove_collection_permissions_and_shared":"finished","0024_add_console_timelines_table":"started","0025_add_console_events_table":"started","0026_index_console_events":"started","0027_add_console_blob_table":"started","0028_add_runner_data_table":"started"}]
[8707][1599379452744][shared][info]["Migrations: Applying migration","0028_add_runner_data_table"]
[8707][1599379452744][shared][info]["Migrations: Upgrading IndexedDB to version","0028_add_runner_data_table",17]
[8707][1599379452749][shared][info]["Migrations: Adding pending commit to queue","0028_add_runner_data_table"]
[8707][1599379452749][shared][info]["Migrations: Starting migration","0029_add_api_schema_table"]
[8707][1599379452749][shared][info]["Migrations: Setting context before starting migration","0029_add_api_schema_table",{"0000_initial":"finished","0001_add_archived_resources_table":"finished","0002_add_variable_sessions_table":"finished","0003_add_editor_tables":"finished","0004_migrate_ws_session_data":"finished","0005_cleanup_request_response_and_history_body":"finished","0006_add_dbp_to_request_response_and_history":"finished","0007_add_sync_client_buckets_by_order_id_table":"finished","0008_migrate_to_sync_client_buckets_by_order_id":"finished","0009_remove_sync_client_buckets_table":"finished","0010_add_history_owner":"finished","0011_add_history_response_table":"finished","0012_add_user_data_table":"finished","0013_sanitize_request_response_and_history_methods":"finished","0014_sanitize_response_requestobject_rawmodedata":"finished","0015_add_favorited_collections_table":"finished","0016_add_permission_table":"finished","0017_add_user_preferences_table":"finished","0018_index_header_presets":"finished","0019_migrate_favorite_collections_data":"finished","0020_migrate_sync_client_revision":"finished","0021_clear_permissions":"finished","0022_add_workspace_header_presets":"finished","0023_remove_collection_permissions_and_shared":"finished","0024_add_console_timelines_table":"started","0025_add_console_events_table":"started","0026_index_console_events":"started","0027_add_console_blob_table":"started","0028_add_runner_data_table":"started","0029_add_api_schema_table":"started"}]
[8707][1599379452750][shared][info]["Migrations: Applying migration","0029_add_api_schema_table"]
[8707][1599379452751][shared][info]["Migrations: Upgrading IndexedDB to version","0029_add_api_schema_table",18]
[8707][1599379452754][shared][info]["Migrations: Adding pending commit to queue","0029_add_api_schema_table"]
[8707][1599379452754][shared][info]["Migrations: Starting migration","0030_migrate_collection_runs"]
[8707][1599379452754][shared][info]["Migrations: Flushing pending migrations for","0030_migrate_collection_runs"]
[8707][1599379452755][shared][info]["Migrations: Flushing pending commit for type","IndexeddbSchemaMigration"]
[8707][1599379452755][shared][info]["Migrations: Committing IndexedDB upgrade"]
[8707][1599379452856][shared][info]["Migrations: Updating status in migration context",{"0000_initial":"finished","0001_add_archived_resources_table":"finished","0002_add_variable_sessions_table":"finished","0003_add_editor_tables":"finished","0004_migrate_ws_session_data":"finished","0005_cleanup_request_response_and_history_body":"finished","0006_add_dbp_to_request_response_and_history":"finished","0007_add_sync_client_buckets_by_order_id_table":"finished","0008_migrate_to_sync_client_buckets_by_order_id":"finished","0009_remove_sync_client_buckets_table":"finished","0010_add_history_owner":"finished","0011_add_history_response_table":"finished","0012_add_user_data_table":"finished","0013_sanitize_request_response_and_history_methods":"finished","0014_sanitize_response_requestobject_rawmodedata":"finished","0015_add_favorited_collections_table":"finished","0016_add_permission_table":"finished","0017_add_user_preferences_table":"finished","0018_index_header_presets":"finished","0019_migrate_favorite_collections_data":"finished","0020_migrate_sync_client_revision":"finished","0021_clear_permissions":"finished","0022_add_workspace_header_presets":"finished","0023_remove_collection_permissions_and_shared":"finished","0024_add_console_timelines_table":"started","0025_add_console_events_table":"started","0026_index_console_events":"started","0027_add_console_blob_table":"started","0028_add_runner_data_table":"started","0029_add_api_schema_table":"started"}]
[8707][1599379452859][shared][info]["Migrations: Updated status in migration context",{"0000_initial":"finished","0001_add_archived_resources_table":"finished","0002_add_variable_sessions_table":"finished","0003_add_editor_tables":"finished","0004_migrate_ws_session_data":"finished","0005_cleanup_request_response_and_history_body":"finished","0006_add_dbp_to_request_response_and_history":"finished","0007_add_sync_client_buckets_by_order_id_table":"finished","0008_migrate_to_sync_client_buckets_by_order_id":"finished","0009_remove_sync_client_buckets_table":"finished","0010_add_history_owner":"finished","0011_add_history_response_table":"finished","0012_add_user_data_table":"finished","0013_sanitize_request_response_and_history_methods":"finished","0014_sanitize_response_requestobject_rawmodedata":"finished","0015_add_favorited_collections_table":"finished","0016_add_permission_table":"finished","0017_add_user_preferences_table":"finished","0018_index_header_presets":"finished","0019_migrate_favorite_collections_data":"finished","0020_migrate_sync_client_revision":"finished","0021_clear_permissions":"finished","0022_add_workspace_header_presets":"finished","0023_remove_collection_permissions_and_shared":"finished","0024_add_console_timelines_table":"finished","0025_add_console_events_table":"finished","0026_index_console_events":"finished","0027_add_console_blob_table":"finished","0028_add_runner_data_table":"finished","0029_add_api_schema_table":"finished"}]
[8707][1599379452860][shared][info]["Migrations: Setting context before starting migration","0030_migrate_collection_runs",{"0000_initial":"finished","0001_add_archived_resources_table":"finished","0002_add_variable_sessions_table":"finished","0003_add_editor_tables":"finished","0004_migrate_ws_session_data":"finished","0005_cleanup_request_response_and_history_body":"finished","0006_add_dbp_to_request_response_and_history":"finished","0007_add_sync_client_buckets_by_order_id_table":"finished","0008_migrate_to_sync_client_buckets_by_order_id":"finished","0009_remove_sync_client_buckets_table":"finished","0010_add_history_owner":"finished","0011_add_history_response_table":"finished","0012_add_user_data_table":"finished","0013_sanitize_request_response_and_history_methods":"finished","0014_sanitize_response_requestobject_rawmodedata":"finished","0015_add_favorited_collections_table":"finished","0016_add_permission_table":"finished","0017_add_user_preferences_table":"finished","0018_index_header_presets":"finished","0019_migrate_favorite_collections_data":"finished","0020_migrate_sync_client_revision":"finished","0021_clear_permissions":"finished","0022_add_workspace_header_presets":"finished","0023_remove_collection_permissions_and_shared":"finished","0024_add_console_timelines_table":"finished","0025_add_console_events_table":"finished","0026_index_console_events":"finished","0027_add_console_blob_table":"finished","0028_add_runner_data_table":"finished","0029_add_api_schema_table":"finished","0030_migrate_collection_runs":"started"}]
[8707][1599379452861][shared][info]["Migrations: Applying migration","0030_migrate_collection_runs"]
[8707][1599379452862][shared][info]["Migrations: Processing IndexedDB data migration","0030_migrate_collection_runs"]
[8707][1599379452866][shared][info]["Migration~CollectionRun: Migrating collection runs"]
[8707][1599379453066][shared][info]["Migrations: Saving migration context after completion","0030_migrate_collection_runs",{"0000_initial":"finished","0001_add_archived_resources_table":"finished","0002_add_variable_sessions_table":"finished","0003_add_editor_tables":"finished","0004_migrate_ws_session_data":"finished","0005_cleanup_request_response_and_history_body":"finished","0006_add_dbp_to_request_response_and_history":"finished","0007_add_sync_client_buckets_by_order_id_table":"finished","0008_migrate_to_sync_client_buckets_by_order_id":"finished","0009_remove_sync_client_buckets_table":"finished","0010_add_history_owner":"finished","0011_add_history_response_table":"finished","0012_add_user_data_table":"finished","0013_sanitize_request_response_and_history_methods":"finished","0014_sanitize_response_requestobject_rawmodedata":"finished","0015_add_favorited_collections_table":"finished","0016_add_permission_table":"finished","0017_add_user_preferences_table":"finished","0018_index_header_presets":"finished","0019_migrate_favorite_collections_data":"finished","0020_migrate_sync_client_revision":"finished","0021_clear_permissions":"finished","0022_add_workspace_header_presets":"finished","0023_remove_collection_permissions_and_shared":"finished","0024_add_console_timelines_table":"finished","0025_add_console_events_table":"finished","0026_index_console_events":"finished","0027_add_console_blob_table":"finished","0028_add_runner_data_table":"finished","0029_add_api_schema_table":"finished","0030_migrate_collection_runs":"started"}]
[8707][1599379453066][shared][info]["Migrations: Starting migration","0031_add_api_relation_table"]
[8707][1599379453066][shared][info]["Migrations: Setting context before starting migration","0031_add_api_relation_table",{"0000_initial":"finished","0001_add_archived_resources_table":"finished","0002_add_variable_sessions_table":"finished","0003_add_editor_tables":"finished","0004_migrate_ws_session_data":"finished","0005_cleanup_request_response_and_history_body":"finished","0006_add_dbp_to_request_response_and_history":"finished","0007_add_sync_client_buckets_by_order_id_table":"finished","0008_migrate_to_sync_client_buckets_by_order_id":"finished","0009_remove_sync_client_buckets_table":"finished","0010_add_history_owner":"finished","0011_add_history_response_table":"finished","0012_add_user_data_table":"finished","0013_sanitize_request_response_and_history_methods":"finished","0014_sanitize_response_requestobject_rawmodedata":"finished","0015_add_favorited_collections_table":"finished","0016_add_permission_table":"finished","0017_add_user_preferences_table":"finished","0018_index_header_presets":"finished","0019_migrate_favorite_collections_data":"finished","0020_migrate_sync_client_revision":"finished","0021_clear_permissions":"finished","0022_add_workspace_header_presets":"finished","0023_remove_collection_permissions_and_shared":"finished","0024_add_console_timelines_table":"finished","0025_add_console_events_table":"finished","0026_index_console_events":"finished","0027_add_console_blob_table":"finished","0028_add_runner_data_table":"finished","0029_add_api_schema_table":"finished","0030_migrate_collection_runs":"finished","0031_add_api_relation_table":"started"}]
[8707][1599379453067][shared][info]["Migrations: Applying migration","0031_add_api_relation_table"]
[8707][1599379453067][shared][info]["Migrations: Upgrading IndexedDB to version","0031_add_api_relation_table",19]
[8707][1599379453067][shared][info]["Migrations: Adding pending commit to queue","0031_add_api_relation_table"]
[8707][1599379453068][shared][info]["Migrations: Starting migration","0032_index_workspacesession_editor"]
[8707][1599379453068][shared][info]["Migrations: Setting context before starting migration","0032_index_workspacesession_editor",{"0000_initial":"finished","0001_add_archived_resources_table":"finished","0002_add_variable_sessions_table":"finished","0003_add_editor_tables":"finished","0004_migrate_ws_session_data":"finished","0005_cleanup_request_response_and_history_body":"finished","0006_add_dbp_to_request_response_and_history":"finished","0007_add_sync_client_buckets_by_order_id_table":"finished","0008_migrate_to_sync_client_buckets_by_order_id":"finished","0009_remove_sync_client_buckets_table":"finished","0010_add_history_owner":"finished","0011_add_history_response_table":"finished","0012_add_user_data_table":"finished","0013_sanitize_request_response_and_history_methods":"finished","0014_sanitize_response_requestobject_rawmodedata":"finished","0015_add_favorited_collections_table":"finished","0016_add_permission_table":"finished","0017_add_user_preferences_table":"finished","0018_index_header_presets":"finished","0019_migrate_favorite_collections_data":"finished","0020_migrate_sync_client_revision":"finished","0021_clear_permissions":"finished","0022_add_workspace_header_presets":"finished","0023_remove_collection_permissions_and_shared":"finished","0024_add_console_timelines_table":"finished","0025_add_console_events_table":"finished","0026_index_console_events":"finished","0027_add_console_blob_table":"finished","0028_add_runner_data_table":"finished","0029_add_api_schema_table":"finished","0030_migrate_collection_runs":"finished","0031_add_api_relation_table":"started","0032_index_workspacesession_editor":"started"}]
[8707][1599379453068][shared][info]["Migrations: Applying migration","0032_index_workspacesession_editor"]
[8707][1599379453068][shared][info]["Migrations: Upgrading IndexedDB to version","0032_index_workspacesession_editor",20]
[8707][1599379453069][shared][info]["Migrations: Adding pending commit to queue","0032_index_workspacesession_editor"]
[8707][1599379453069][shared][info]["Migrations: Starting migration","0033_add_editor_data_cache_table"]
[8707][1599379453069][shared][info]["Migrations: Setting context before starting migration","0033_add_editor_data_cache_table",{"0000_initial":"finished","0001_add_archived_resources_table":"finished","0002_add_variable_sessions_table":"finished","0003_add_editor_tables":"finished","0004_migrate_ws_session_data":"finished","0005_cleanup_request_response_and_history_body":"finished","0006_add_dbp_to_request_response_and_history":"finished","0007_add_sync_client_buckets_by_order_id_table":"finished","0008_migrate_to_sync_client_buckets_by_order_id":"finished","0009_remove_sync_client_buckets_table":"finished","0010_add_history_owner":"finished","0011_add_history_response_table":"finished","0012_add_user_data_table":"finished","0013_sanitize_request_response_and_history_methods":"finished","0014_sanitize_response_requestobject_rawmodedata":"finished","0015_add_favorited_collections_table":"finished","0016_add_permission_table":"finished","0017_add_user_preferences_table":"finished","0018_index_header_presets":"finished","0019_migrate_favorite_collections_data":"finished","0020_migrate_sync_client_revision":"finished","0021_clear_permissions":"finished","0022_add_workspace_header_presets":"finished","0023_remove_collection_permissions_and_shared":"finished","0024_add_console_timelines_table":"finished","0025_add_console_events_table":"finished","0026_index_console_events":"finished","0027_add_console_blob_table":"finished","0028_add_runner_data_table":"finished","0029_add_api_schema_table":"finished","0030_migrate_collection_runs":"finished","0031_add_api_relation_table":"started","0032_index_workspacesession_editor":"started","0033_add_editor_data_cache_table":"started"}]
[8707][1599379453069][shared][info]["Migrations: Applying migration","0033_add_editor_data_cache_table"]
[8707][1599379453069][shared][info]["Migrations: Upgrading IndexedDB to version","0033_add_editor_data_cache_table",21]
[8707][1599379453070][shared][info]["Migrations: Adding pending commit to queue","0033_add_editor_data_cache_table"]
[8707][1599379453070][shared][info]["Migrations: Starting migration","0034_migrate_editor_data"]
[8707][1599379453070][shared][info]["Migrations: Flushing pending migrations for","0034_migrate_editor_data"]
[8707][1599379453070][shared][info]["Migrations: Flushing pending commit for type","IndexeddbSchemaMigration"]
[8707][1599379453070][shared][info]["Migrations: Committing IndexedDB upgrade"]
[8707][1599379453176][shared][info]["Migrations: Updating status in migration context",{"0000_initial":"finished","0001_add_archived_resources_table":"finished","0002_add_variable_sessions_table":"finished","0003_add_editor_tables":"finished","0004_migrate_ws_session_data":"finished","0005_cleanup_request_response_and_history_body":"finished","0006_add_dbp_to_request_response_and_history":"finished","0007_add_sync_client_buckets_by_order_id_table":"finished","0008_migrate_to_sync_client_buckets_by_order_id":"finished","0009_remove_sync_client_buckets_table":"finished","0010_add_history_owner":"finished","0011_add_history_response_table":"finished","0012_add_user_data_table":"finished","0013_sanitize_request_response_and_history_methods":"finished","0014_sanitize_response_requestobject_rawmodedata":"finished","0015_add_favorited_collections_table":"finished","0016_add_permission_table":"finished","0017_add_user_preferences_table":"finished","0018_index_header_presets":"finished","0019_migrate_favorite_collections_data":"finished","0020_migrate_sync_client_revision":"finished","0021_clear_permissions":"finished","0022_add_workspace_header_presets":"finished","0023_remove_collection_permissions_and_shared":"finished","0024_add_console_timelines_table":"finished","0025_add_console_events_table":"finished","0026_index_console_events":"finished","0027_add_console_blob_table":"finished","0028_add_runner_data_table":"finished","0029_add_api_schema_table":"finished","0030_migrate_collection_runs":"finished","0031_add_api_relation_table":"started","0032_index_workspacesession_editor":"started","0033_add_editor_data_cache_table":"started"}]
[8707][1599379453177][shared][info]["Migrations: Updated status in migration context",{"0000_initial":"finished","0001_add_archived_resources_table":"finished","0002_add_variable_sessions_table":"finished","0003_add_editor_tables":"finished","0004_migrate_ws_session_data":"finished","0005_cleanup_request_response_and_history_body":"finished","0006_add_dbp_to_request_response_and_history":"finished","0007_add_sync_client_buckets_by_order_id_table":"finished","0008_migrate_to_sync_client_buckets_by_order_id":"finished","0009_remove_sync_client_buckets_table":"finished","0010_add_history_owner":"finished","0011_add_history_response_table":"finished","0012_add_user_data_table":"finished","0013_sanitize_request_response_and_history_methods":"finished","0014_sanitize_response_requestobject_rawmodedata":"finished","0015_add_favorited_collections_table":"finished","0016_add_permission_table":"finished","0017_add_user_preferences_table":"finished","0018_index_header_presets":"finished","0019_migrate_favorite_collections_data":"finished","0020_migrate_sync_client_revision":"finished","0021_clear_permissions":"finished","0022_add_workspace_header_presets":"finished","0023_remove_collection_permissions_and_shared":"finished","0024_add_console_timelines_table":"finished","0025_add_console_events_table":"finished","0026_index_console_events":"finished","0027_add_console_blob_table":"finished","0028_add_runner_data_table":"finished","0029_add_api_schema_table":"finished","0030_migrate_collection_runs":"finished","0031_add_api_relation_table":"finished","0032_index_workspacesession_editor":"finished","0033_add_editor_data_cache_table":"finished"}]
[8707][1599379453178][shared][info]["Migrations: Setting context before starting migration","0034_migrate_editor_data",{"0000_initial":"finished","0001_add_archived_resources_table":"finished","0002_add_variable_sessions_table":"finished","0003_add_editor_tables":"finished","0004_migrate_ws_session_data":"finished","0005_cleanup_request_response_and_history_body":"finished","0006_add_dbp_to_request_response_and_history":"finished","0007_add_sync_client_buckets_by_order_id_table":"finished","0008_migrate_to_sync_client_buckets_by_order_id":"finished","0009_remove_sync_client_buckets_table":"finished","0010_add_history_owner":"finished","0011_add_history_response_table":"finished","0012_add_user_data_table":"finished","0013_sanitize_request_response_and_history_methods":"finished","0014_sanitize_response_requestobject_rawmodedata":"finished","0015_add_favorited_collections_table":"finished","0016_add_permission_table":"finished","0017_add_user_preferences_table":"finished","0018_index_header_presets":"finished","0019_migrate_favorite_collections_data":"finished","0020_migrate_sync_client_revision":"finished","0021_clear_permissions":"finished","0022_add_workspace_header_presets":"finished","0023_remove_collection_permissions_and_shared":"finished","0024_add_console_timelines_table":"finished","0025_add_console_events_table":"finished","0026_index_console_events":"finished","0027_add_console_blob_table":"finished","0028_add_runner_data_table":"finished","0029_add_api_schema_table":"finished","0030_migrate_collection_runs":"finished","0031_add_api_relation_table":"finished","0032_index_workspacesession_editor":"finished","0033_add_editor_data_cache_table":"finished","0034_migrate_editor_data":"started"}]
[8707][1599379453179][shared][info]["Migrations: Applying migration","0034_migrate_editor_data"]
[8707][1599379453179][shared][info]["Migrations: Processing IndexedDB data migration","0034_migrate_editor_data"]
[8707][1599379453185][shared][info]["Migration~EditorsData: Migrating editors data"]
[8707][1599379453282][shared][info]["Migrations: Saving migration context after completion","0034_migrate_editor_data",{"0000_initial":"finished","0001_add_archived_resources_table":"finished","0002_add_variable_sessions_table":"finished","0003_add_editor_tables":"finished","0004_migrate_ws_session_data":"finished","0005_cleanup_request_response_and_history_body":"finished","0006_add_dbp_to_request_response_and_history":"finished","0007_add_sync_client_buckets_by_order_id_table":"finished","0008_migrate_to_sync_client_buckets_by_order_id":"finished","0009_remove_sync_client_buckets_table":"finished","0010_add_history_owner":"finished","0011_add_history_response_table":"finished","0012_add_user_data_table":"finished","0013_sanitize_request_response_and_history_methods":"finished","0014_sanitize_response_requestobject_rawmodedata":"finished","0015_add_favorited_collections_table":"finished","0016_add_permission_table":"finished","0017_add_user_preferences_table":"finished","0018_index_header_presets":"finished","0019_migrate_favorite_collections_data":"finished","0020_migrate_sync_client_revision":"finished","0021_clear_permissions":"finished","0022_add_workspace_header_presets":"finished","0023_remove_collection_permissions_and_shared":"finished","0024_add_console_timelines_table":"finished","0025_add_console_events_table":"finished","0026_index_console_events":"finished","0027_add_console_blob_table":"finished","0028_add_runner_data_table":"finished","0029_add_api_schema_table":"finished","0030_migrate_collection_runs":"finished","0031_add_api_relation_table":"finished","0032_index_workspacesession_editor":"finished","0033_add_editor_data_cache_table":"finished","0034_migrate_editor_data":"started"}]
[8707][1599379453284][shared][info]["Migrations: Starting migration","0035_remove_editors_table"]
[8707][1599379453284][shared][info]["Migrations: Setting context before starting migration","0035_remove_editors_table",{"0000_initial":"finished","0001_add_archived_resources_table":"finished","0002_add_variable_sessions_table":"finished","0003_add_editor_tables":"finished","0004_migrate_ws_session_data":"finished","0005_cleanup_request_response_and_history_body":"finished","0006_add_dbp_to_request_response_and_history":"finished","0007_add_sync_client_buckets_by_order_id_table":"finished","0008_migrate_to_sync_client_buckets_by_order_id":"finished","0009_remove_sync_client_buckets_table":"finished","0010_add_history_owner":"finished","0011_add_history_response_table":"finished","0012_add_user_data_table":"finished","0013_sanitize_request_response_and_history_methods":"finished","0014_sanitize_response_requestobject_rawmodedata":"finished","0015_add_favorited_collections_table":"finished","0016_add_permission_table":"finished","0017_add_user_preferences_table":"finished","0018_index_header_presets":"finished","0019_migrate_favorite_collections_data":"finished","0020_migrate_sync_client_revision":"finished","0021_clear_permissions":"finished","0022_add_workspace_header_presets":"finished","0023_remove_collection_permissions_and_shared":"finished","0024_add_console_timelines_table":"finished","0025_add_console_events_table":"finished","0026_index_console_events":"finished","0027_add_console_blob_table":"finished","0028_add_runner_data_table":"finished","0029_add_api_schema_table":"finished","0030_migrate_collection_runs":"finished","0031_add_api_relation_table":"finished","0032_index_workspacesession_editor":"finished","0033_add_editor_data_cache_table":"finished","0034_migrate_editor_data":"finished","0035_remove_editors_table":"started"}]
[8707][1599379453285][shared][info]["Migrations: Applying migration","0035_remove_editors_table"]
[8707][1599379453285][shared][info]["Migrations: Upgrading IndexedDB to version","0035_remove_editors_table",22]
[8707][1599379453289][shared][info]["Migrations: Adding pending commit to queue","0035_remove_editors_table"]
[8707][1599379453290][shared][info]["Migrations: Flushing pending commit steps"]
[8707][1599379453291][shared][info]["Migrations: Flushing pending commit for type","IndexeddbSchemaMigration"]
[8707][1599379453291][shared][info]["Migrations: Committing IndexedDB upgrade"]
[8707][1599379453350][shared][info]["Migrations: Updating status in migration context",{"0000_initial":"finished","0001_add_archived_resources_table":"finished","0002_add_variable_sessions_table":"finished","0003_add_editor_tables":"finished","0004_migrate_ws_session_data":"finished","0005_cleanup_request_response_and_history_body":"finished","0006_add_dbp_to_request_response_and_history":"finished","0007_add_sync_client_buckets_by_order_id_table":"finished","0008_migrate_to_sync_client_buckets_by_order_id":"finished","0009_remove_sync_client_buckets_table":"finished","0010_add_history_owner":"finished","0011_add_history_response_table":"finished","0012_add_user_data_table":"finished","0013_sanitize_request_response_and_history_methods":"finished","0014_sanitize_response_requestobject_rawmodedata":"finished","0015_add_favorited_collections_table":"finished","0016_add_permission_table":"finished","0017_add_user_preferences_table":"finished","0018_index_header_presets":"finished","0019_migrate_favorite_collections_data":"finished","0020_migrate_sync_client_revision":"finished","0021_clear_permissions":"finished","0022_add_workspace_header_presets":"finished","0023_remove_collection_permissions_and_shared":"finished","0024_add_console_timelines_table":"finished","0025_add_console_events_table":"finished","0026_index_console_events":"finished","0027_add_console_blob_table":"finished","0028_add_runner_data_table":"finished","0029_add_api_schema_table":"finished","0030_migrate_collection_runs":"finished","0031_add_api_relation_table":"finished","0032_index_workspacesession_editor":"finished","0033_add_editor_data_cache_table":"finished","0034_migrate_editor_data":"finished","0035_remove_editors_table":"started"}]
[8707][1599379453352][shared][info]["Migrations: Updated status in migration context",{"0000_initial":"finished","0001_add_archived_resources_table":"finished","0002_add_variable_sessions_table":"finished","0003_add_editor_tables":"finished","0004_migrate_ws_session_data":"finished","0005_cleanup_request_response_and_history_body":"finished","0006_add_dbp_to_request_response_and_history":"finished","0007_add_sync_client_buckets_by_order_id_table":"finished","0008_migrate_to_sync_client_buckets_by_order_id":"finished","0009_remove_sync_client_buckets_table":"finished","0010_add_history_owner":"finished","0011_add_history_response_table":"finished","0012_add_user_data_table":"finished","0013_sanitize_request_response_and_history_methods":"finished","0014_sanitize_response_requestobject_rawmodedata":"finished","0015_add_favorited_collections_table":"finished","0016_add_permission_table":"finished","0017_add_user_preferences_table":"finished","0018_index_header_presets":"finished","0019_migrate_favorite_collections_data":"finished","0020_migrate_sync_client_revision":"finished","0021_clear_permissions":"finished","0022_add_workspace_header_presets":"finished","0023_remove_collection_permissions_and_shared":"finished","0024_add_console_timelines_table":"finished","0025_add_console_events_table":"finished","0026_index_console_events":"finished","0027_add_console_blob_table":"finished","0028_add_runner_data_table":"finished","0029_add_api_schema_table":"finished","0030_migrate_collection_runs":"finished","0031_add_api_relation_table":"finished","0032_index_workspacesession_editor":"finished","0033_add_editor_data_cache_table":"finished","0034_migrate_editor_data":"finished","0035_remove_editors_table":"finished"}]
[8707][1599379453353][shared][info]["Migration: Finished all migrations"]
[8707][1599379453766][shared][info]["bootstrapModels - Success"]
[8707][1599379453767][shared][info]["WLModels~boot - Success"]
[8707][1599379453819][shared][info]["initializeConfigurationsValues - Success"]
[8707][1599379453925][shared][info]["Migrate - Bailed out due to:","FRESH_INSTALL"]
[8707][1599379453974][shared][info]["AppModels~boot - Success"]
[8707][1599379453982][shared][info]["SharedRuntimeListeners~boot - Success"]
[8707][1599379454015][shared][info]["Sync~boot - Success"]
[8707][1599379454025][shared][info]["Shared~boot - Success"]
[8707][1599379454025][shared][info]["booted - shared"]
[8707][1599379457046][shared][info]["UI pulled the session locked information on init"]
